      <status>available</status>
      <volumeId>79954504-e570-4aee-a288-9629dc5474b1</volumeId>
      <status>available</status>
      <volumeId>f8d3e5c8-60df-4ea2-8e81-a9d9adcdc8dc</volumeId>
      <status>available</status>
      <volumeId>a416d5a6-775f-463d-8af6-fb4eeee24a90</volumeId>
      <status>available</status>
      <volumeId>6b7d9e0e-984a-4b07-b9f8-e62227c7c79e</volumeId>
      <status>available</status>
      <volumeId>59289ad4-9506-4f88-ae83-75d5281e5fd2</volumeId>
      <status>available</status>
      <volumeId>02d4dabf-4c07-4d1f-9368-da2c26672153</volumeId>
      <status>available</status>
      <volumeId>ecfd15f3-e748-4da5-aac2-2df1a97b8043</volumeId>
      <status>available</status>
      <volumeId>b3aee5f2-3d3f-4bc4-a240-83b2d85c08a1</volumeId>
      <status>available</status>
      <volumeId>b311a3cc-9fbc-42e8-bd4c-13183062200d</volumeId>
      <status>available</status>
      <volumeId>b02b79c7-1cf9-40ed-a5a4-b374275fd23a</volumeId>
      <status>available</status>
      <volumeId>8f99f7b2-437c-4155-af0f-3f8386b44f62</volumeId>
      <status>available</status>
      <volumeId>87ee6180-948d-4097-9529-997bae20916e</volumeId>
      <status>available</status>
      <volumeId>6d1a0ecb-9e75-4fd7-af32-82ee401dc0eb</volumeId>
      <status>available</status>
      <volumeId>28dd05bf-5f87-436f-842a-bf03b4668539</volumeId>
      <status>available</status>
      <volumeId>f401c8b0-0d36-4ac4-ac26-a822e7605a9d</volumeId>
      <status>available</status>
      <volumeId>ed4ee5c6-8187-4dc6-a93b-6dfc889310b7</volumeId>
      <status>available</status>
      <volumeId>db02c6ef-e2f1-4138-9427-23d271d5b424</volumeId>
      <status>available</status>
      <volumeId>4e26c19d-d90c-4b20-acc4-946237594531</volumeId>
      <status>available</status>
      <volumeId>3e6cf05d-5a66-4ff6-9949-f05f23b27fc0</volumeId>
      <status>available</status>
      <volumeId>e33ab3a3-6247-46c4-a0af-5f0667d77243</volumeId>
      <status>available</status>
      <volumeId>94a780e4-fd43-4144-a220-34ba86a1d878</volumeId>
      <status>available</status>
      <volumeId>7bb1ee4a-510b-4885-a464-a74005b99f3e</volumeId>
      <status>available</status>
      <volumeId>2bd9bfee-dfab-4189-9073-799b9cf6aa5d</volumeId>
      <status>available</status>
      <volumeId>149b00af-d484-4823-8f88-147602a18f8b</volumeId>
      <status>available</status>
      <volumeId>d4ba6271-b994-433e-a6cd-403503ae2df0</volumeId>
      <status>available</status>
      <volumeId>d26a6fa8-81d8-4ead-a865-605985e2631f</volumeId>
      <status>available</status>
      <volumeId>b00285db-d640-4d8e-9376-1ccd73b4223c</volumeId>
      <status>available</status>
      <volumeId>693230a1-996a-4ea4-b74a-3a66a54d8dc4</volumeId>
      <status>available</status>
      <volumeId>62d82c8c-c0c0-4898-b68f-2eb0c86313fe</volumeId>
      <status>available</status>
      <volumeId>5170b182-0dd7-431e-8e1a-20526a68ce5a</volumeId>
      <status>available</status>
      <volumeId>4d89aacd-71e2-47ee-a0a5-afb42b759e3c</volumeId>
      <status>available</status>
      <volumeId>0ac49b5d-6cf5-4d29-98c0-c6fb4d0a1744</volumeId>
      <status>available</status>
      <volumeId>ae879aa8-20ba-4309-b0bd-3783ab02a61a</volumeId>
      <status>available</status>
      <volumeId>a3d30339-cfc5-4bc8-aa8b-1eb51979911b</volumeId>
      <status>available</status>
      <volumeId>7f42dd1e-8fb8-4749-acc3-1e4e7509d56e</volumeId>
      <status>available</status>
      <volumeId>6e64672b-a3d4-4c76-baae-d929d697c3ed</volumeId>
      <status>available</status>
      <volumeId>b9d40334-8925-4616-a6ae-89977982d3cc</volumeId>
      <status>available</status>
      <volumeId>91d95e81-e979-4e67-8d33-766e61f67f4c</volumeId>
      <status>available</status>
      <volumeId>7c863968-e474-4107-b5fa-6a7c4250f6e4</volumeId>
      <status>available</status>
      <volumeId>39b27e2d-75f6-484f-a240-3b8f04e00c11</volumeId>
      <status>available</status>
      <volumeId>2b11e6b4-28ba-407c-8bea-08389b0da1df</volumeId>
      <status>available</status>
      <volumeId>f627b2e8-6627-41d0-9580-39ff50ea362a</volumeId>
      <status>available</status>
      <volumeId>eb96a208-ce2f-4fc5-8379-ff0d42963e23</volumeId>
      <status>available</status>
      <volumeId>e5609fcb-e138-4462-9aa7-897571bbe98a</volumeId>
      <status>available</status>
      <volumeId>cc273892-7f9e-4fcc-9dd9-3d67e8f63fd3</volumeId>
      <status>available</status>
      <volumeId>68493ff1-8664-435f-9ce8-92fbce39893c</volumeId>
      <status>available</status>
      <volumeId>5d691c12-57ec-4e43-9c1d-728fd36da35c</volumeId>
      <status>available</status>
      <volumeId>fff553c6-aba6-4130-841b-f813f08f2b11</volumeId>
      <status>available</status>
      <volumeId>b5f20395-897f-4572-bca4-919414ac2a76</volumeId>
      <status>available</status>
      <volumeId>5658522f-6e6c-4582-b496-a6cba91f7c89</volumeId>
      <status>available</status>
      <volumeId>52093e8d-c706-4032-8133-ea6469ec6d83</volumeId>
      <status>available</status>
      <volumeId>48ef96ce-3240-4c8e-b901-db8e9cb0a384</volumeId>
      <status>available</status>
      <volumeId>3609ef12-4861-42b3-9f40-efc6d7cb3283</volumeId>
      <status>available</status>
      <volumeId>2ef95c89-9729-4ff0-8a23-48a31002e25b</volumeId>
      <status>available</status>
      <volumeId>ff4828ec-0698-4038-b87a-6ca7c7ff375b</volumeId>
      <status>available</status>
      <volumeId>ea155fca-ac50-4415-a519-e7244ac023d0</volumeId>
      <status>available</status>
      <volumeId>e688def8-6b6e-42e4-9cb9-4d1d2d4fd808</volumeId>
      <status>available</status>
      <volumeId>a966d07a-8119-45f4-aed4-2b341cfc6b0f</volumeId>
      <status>available</status>
      <volumeId>51d10e2c-c92d-4965-8aed-754fd1053006</volumeId>
      <status>available</status>
      <volumeId>4351df4d-7c21-459c-a1bc-03772bf98227</volumeId>
      <status>available</status>
      <volumeId>2c9f9bfa-ab76-4818-a26b-7f00a244e72e</volumeId>
      <status>available</status>
      <volumeId>f4a359d2-f0f7-44e5-b648-dccf0207ab80</volumeId>
      <status>available</status>
      <volumeId>61f883cb-8644-44e0-b9e4-9d7d53bf8f13</volumeId>
      <status>available</status>
      <volumeId>2e969267-3ef6-47b0-82c0-349d3985532a</volumeId>
      <status>available</status>
      <volumeId>fe105e76-33b4-4c42-8594-5206d1dc08c4</volumeId>
      <status>available</status>
      <volumeId>e80e4490-7aaa-4934-aa5c-01c61f89ed38</volumeId>
      <status>available</status>
      <volumeId>9f287d03-3e32-419b-b003-5557190f0360</volumeId>
      <status>available</status>
      <volumeId>7300310d-3e3f-43a1-a4da-b5f7ac92993d</volumeId>
      <status>available</status>
      <volumeId>5d8a86a4-74ef-4217-bc8c-68dc4197c077</volumeId>
      <status>available</status>
      <volumeId>3aafb676-943b-4913-a5c5-7d3f5288b24f</volumeId>
      <status>available</status>
      <volumeId>254e3449-d5c2-428d-a3d2-b3c0fe720739</volumeId>
      <status>available</status>
      <volumeId>1b8ebdcd-473f-43bf-9bb9-8a29a1760b91</volumeId>
      <status>available</status>
      <volumeId>1a69b122-c8ef-4691-8b84-79ba135ed84f</volumeId>
      <status>available</status>
      <volumeId>6ddbd5da-3110-450a-9acc-111b6fc1004f</volumeId>
      <status>available</status>
      <volumeId>3bfba3b8-4f7f-41cc-baa7-9c3c55b6bac0</volumeId>
      <status>available</status>
      <volumeId>2a79f634-d358-4e3f-b5a1-42e89a99e1db</volumeId>
      <status>available</status>
      <volumeId>e0c19fe2-108c-4c18-b765-c75b578a5708</volumeId>
      <status>available</status>
      <volumeId>d938bf60-3bf8-4c25-acdb-07a3c9a69d79</volumeId>
      <status>available</status>
      <volumeId>bf51f075-1d21-4ec0-ab42-45a1872056e1</volumeId>
      <status>available</status>
      <volumeId>9e4c309f-3e9b-4a06-864e-e7a4eaeef3a3</volumeId>
      <status>available</status>
      <volumeId>355549a1-ffd0-4f1a-b809-d8f558c8f3e3</volumeId>
      <status>available</status>
      <volumeId>12c0a56d-523c-422a-aadf-0fb79da8ae81</volumeId>
      <status>available</status>
      <volumeId>0d163410-c887-4ca1-ba89-71efb42c324e</volumeId>
      <status>available</status>
      <volumeId>e5d80f23-356a-4c87-87c5-3e5fb64ac4f5</volumeId>
      <status>available</status>
      <volumeId>b7fbd4e8-6f6e-4a63-8141-98105306c36d</volumeId>
      <status>available</status>
      <volumeId>634ba0f7-cf8f-4c7e-982e-c65902aacdf2</volumeId>
      <status>available</status>
      <volumeId>be93366a-2628-4b08-a50f-ca463e841fba</volumeId>
      <status>available</status>
      <volumeId>bced7a71-299e-44ce-99c2-e26f4fb22806</volumeId>
      <status>available</status>
      <volumeId>adcbebdd-cd1e-4b5b-a6f7-a9141bba824e</volumeId>
      <status>available</status>
      <volumeId>accd61ff-aecd-475d-8a85-0eaa83077f92</volumeId>
      <status>available</status>
      <volumeId>83f64922-c564-4dc6-8cb7-fac5143a79ff</volumeId>
      <status>available</status>
      <volumeId>675a7fe0-2882-474b-a9a9-88348d2e90bf</volumeId>
      <status>available</status>
      <volumeId>5731705f-c32d-4356-8964-7920deb4face</volumeId>
      <status>available</status>
      <volumeId>05f84711-1843-426d-8081-64976f5ac620</volumeId>
      <status>available</status>
      <volumeId>eae89307-7586-445f-affb-a18d25bec30e</volumeId>
      <status>available</status>
      <volumeId>a36f407e-d3ba-4415-b51b-65c8d7968c2a</volumeId>
      <status>available</status>
      <volumeId>68176ee5-b089-4582-8108-77e087f10b6d</volumeId>
      <status>available</status>
      <volumeId>033418e0-de38-4df4-bb98-6501755df25c</volumeId>
      <status>available</status>
      <volumeId>a0fa55dc-17ed-418f-9ea9-07560b5bdf57</volumeId>
      <status>available</status>
      <volumeId>9cf7c806-35ce-46fd-8952-8e4bf8fd9c03</volumeId>
      <status>available</status>
      <volumeId>79bf64aa-5239-492d-b845-8946911d6e8f</volumeId>
      <status>available</status>
      <volumeId>6a4266ec-0335-4448-894f-0ff26429cb09</volumeId>
      <status>available</status>
      <volumeId>b78e8c7e-1043-43bb-8875-5349dc962cd2</volumeId>
      <status>available</status>
      <volumeId>99de2eae-1b28-4dfd-90a6-0a2440cc5ed8</volumeId>
      <status>available</status>
      <volumeId>5c30f5f6-9439-496d-b0fd-ecc03c090dfc</volumeId>
      <status>available</status>
      <volumeId>4184c0dd-9e05-41ce-ac0d-d1d2650afcac</volumeId>
      <status>available</status>
      <volumeId>19b3d3b5-263b-4248-87d3-27b08e503502</volumeId>
      <status>available</status>
      <volumeId>b0023a7b-2edb-4fea-a25f-775457602dd3</volumeId>
      <status>available</status>
      <volumeId>a6a3616f-c684-4ac5-8ce3-fb9ebe95b597</volumeId>
      <status>available</status>
      <volumeId>9ce623ab-fb29-4c42-92a1-e02c1c5fb559</volumeId>
      <status>available</status>
      <volumeId>f81cc275-7a2d-4c2c-9be4-0a0105398985</volumeId>
      <status>available</status>
      <volumeId>f0869652-bd36-4b0d-ad00-cef80ed8a2ed</volumeId>
      <status>available</status>
      <volumeId>ed160c22-0739-49cc-85a7-acca2d04d968</volumeId>
      <status>available</status>
      <volumeId>c28d7178-9075-42a8-8a5d-9f161c9d73ac</volumeId>
      <status>available</status>
      <volumeId>55794378-530d-46b1-9b39-fbdcfda54445</volumeId>
      <status>available</status>
      <volumeId>359eb1f5-5da9-445c-b0d4-3ba47758ed26</volumeId>
      <status>available</status>
      <volumeId>2182fc60-0040-4815-9f05-963cb6c7f9c0</volumeId>
      <status>available</status>
      <volumeId>0f320c55-0a9c-45f0-802f-73e66f8893c2</volumeId>
      <status>available</status>
      <volumeId>0f1be20e-80aa-44d1-9e1b-82e4365eb30b</volumeId>
      <status>available</status>
      <volumeId>9466333a-2bd5-466b-bcf6-2005cdf661b5</volumeId>
      <status>available</status>
      <volumeId>2d8c2ac7-8401-4b4a-8d47-7bf6c51c8ac6</volumeId>
      <status>available</status>
      <volumeId>f3014c1f-653b-4e81-a913-f352dc7528d8</volumeId>
      <status>available</status>
      <volumeId>7ab92948-b900-4af8-b8a5-282129a43c51</volumeId>
      <status>available</status>
      <volumeId>6fee31f4-5f04-454d-9975-04fc3b9c7b72</volumeId>
      <status>available</status>
      <volumeId>41c0575a-7fd6-434b-a08e-12552c29c760</volumeId>
      <status>available</status>
      <volumeId>a49895f3-bc57-4d36-acff-0edcdacf31ec</volumeId>
      <status>available</status>
      <volumeId>50a97435-60a7-4a5c-a669-42888efe90a4</volumeId>
      <status>available</status>
      <volumeId>2297579f-9664-44f3-ba94-7ff28ae8f6b8</volumeId>
      <status>available</status>
      <volumeId>aae8e626-f90c-4516-91a3-0e15200122d5</volumeId>
      <status>available</status>
      <volumeId>8a032014-c9c6-4fdb-81cf-362cad6c058b</volumeId>
      <status>available</status>
      <volumeId>8938b641-ce5c-4bbb-9fb8-1466ceb8fe0e</volumeId>
      <status>available</status>
      <volumeId>71c57e08-1d8b-494a-a6c5-edfdb0a17cd7</volumeId>
      <status>available</status>
      <volumeId>5566cbb0-2142-40ff-a901-502874d3767a</volumeId>
      <status>available</status>
      <volumeId>4b823b24-cab0-4fb7-a5c9-651826fcb3d6</volumeId>
      <status>available</status>
      <volumeId>2357b5ae-0e4e-4587-8506-c6babcd97a48</volumeId>
      <status>available</status>
      <volumeId>e0aff019-f28b-4aa4-81f5-305ad74b605f</volumeId>
      <status>available</status>
      <volumeId>158fbb94-2288-42cf-9df0-86281194b626</volumeId>
      <status>available</status>
      <volumeId>f48e9162-99a8-46b2-9f92-c297a738a014</volumeId>
      <status>available</status>
      <volumeId>e9181e7b-f698-4537-b72c-78214f05a7d8</volumeId>
      <status>available</status>
      <volumeId>d14f7278-bba0-47ad-800d-bfe458c9357b</volumeId>
      <status>available</status>
      <volumeId>c4b6df88-6bfb-4091-8e79-d7d7452d9279</volumeId>
      <status>available</status>
      <volumeId>af404c9f-aa0d-476d-bda2-7c08948e59bc</volumeId>
      <status>available</status>
      <volumeId>aa7fe101-ca2b-473e-b7ad-eb1b9f573ed5</volumeId>
      <status>available</status>
      <volumeId>bb6c0cd8-5924-4a88-a69a-1ff9de1f03e2</volumeId>
      <status>available</status>
      <volumeId>a1cfbd10-5767-443b-97eb-f6255fe5950d</volumeId>
      <status>available</status>
      <volumeId>4e6424f4-03cb-4ed3-81f0-cbab25ff7351</volumeId>
      <status>available</status>
      <volumeId>92decee8-1b61-4fbc-92aa-dc80e82bf196</volumeId>
      <status>available</status>
      <volumeId>023391c2-f318-48df-a55a-eb0b1cc02e16</volumeId>
      <status>available</status>
      <volumeId>d714fa08-3dd8-4446-a57b-90f7c8d664e9</volumeId>
      <status>available</status>
      <volumeId>f6911c0b-cfbe-492f-bf88-f504a374f599</volumeId>
      <status>available</status>
      <volumeId>3ebd046b-fcf7-42f5-95c6-73bbb310fc95</volumeId>
      <status>available</status>
      <volumeId>1c88ed89-6243-4a46-a1a1-8ee91589fbaa</volumeId>
      <status>available</status>
      <volumeId>1b1b6802-0347-4245-93fd-a7e312884d5a</volumeId>
      <status>available</status>
      <volumeId>01778b57-0e1f-4707-8325-e617bdb22359</volumeId>
      <status>available</status>
      <volumeId>c6dc7419-e186-4a5d-b24e-9ac084b510dc</volumeId>
      <status>available</status>
      <volumeId>a63b24f7-fcb4-40b7-b621-e477022e4f0c</volumeId>
      <status>available</status>
      <volumeId>79ada75b-4ce8-4469-a556-b2fca6e2259e</volumeId>
      <status>available</status>
      <volumeId>44c37c00-cb6a-47d7-8b74-05b100ad1791</volumeId>
      <status>available</status>
      <volumeId>29f13801-7855-41cd-aa35-0bd8fbe8ea15</volumeId>
      <status>available</status>
      <volumeId>0411487e-69b2-4014-9087-913182e364b5</volumeId>
      <status>available</status>
      <volumeId>e823cee2-8667-4ac9-98e4-29918548b723</volumeId>
      <status>available</status>
      <volumeId>d60c18a0-71bc-47c1-b6bf-f84e3b63cdb2</volumeId>
      <status>available</status>
      <volumeId>af18388d-2a65-4e0f-ac7a-77c3568958df</volumeId>
      <status>available</status>
      <volumeId>52718cd1-f379-427d-9c2d-8209cfdfa21e</volumeId>
      <status>available</status>
      <volumeId>1b20d7f0-b822-4c16-8e02-7ed7a5101abc</volumeId>
      <status>available</status>
      <volumeId>f6f73b13-c849-4b6b-b517-65c3bdb89614</volumeId>
      <status>available</status>
      <volumeId>e9f6133a-d2c3-4445-8eac-9a9576886592</volumeId>
      <status>available</status>
      <volumeId>7cd253f9-f433-4f8d-8f48-a51a7624c260</volumeId>
      <status>available</status>
      <volumeId>4f161a7a-9773-4bbf-a1c4-343fbad12513</volumeId>
      <status>available</status>
      <volumeId>1f28dd33-f946-4c79-924b-30fceb194199</volumeId>
      <status>available</status>
      <volumeId>1d2661fc-edcc-4991-8d2c-b1ebb23725bb</volumeId>
      <status>available</status>
      <volumeId>1dc81942-4af7-4816-aaa0-315f353e62f9</volumeId>
      <status>available</status>
      <volumeId>f6495f3c-9ba7-40d9-b065-84f41fd02db7</volumeId>
      <status>available</status>
      <volumeId>829e2695-552c-4ba4-9441-b4d3548f4364</volumeId>
      <status>available</status>
      <volumeId>827bc8d1-60de-46fd-8675-0610514ac8e5</volumeId>
      <status>available</status>
      <volumeId>6d58c8f7-2e6e-4489-96c6-57ed6cb3603a</volumeId>
      <status>available</status>
      <volumeId>691cba64-beae-48de-906d-163a04187af4</volumeId>
      <status>available</status>
      <volumeId>45e5f7e2-0444-418b-85fd-3ffa0c074d58</volumeId>
      <status>available</status>
      <volumeId>3e33afa7-f563-4785-ad96-69a02ad77bdd</volumeId>
      <status>available</status>
      <volumeId>154b7217-8c7c-4995-b850-c5acda27f83d</volumeId>
      <status>available</status>
      <volumeId>12a58411-f9b9-4206-b93f-2fd90eeec64b</volumeId>
      <status>available</status>
      <volumeId>11d3076c-7001-4d25-9f32-60ea80ac17bc</volumeId>
      <status>available</status>
      <volumeId>bbcf6666-03fc-4da5-990a-aa5b5acc5ce7</volumeId>
      <status>available</status>
      <volumeId>4d536673-1f6a-444d-a098-fb44d6c6b6cb</volumeId>
      <status>available</status>
      <volumeId>faa540bb-ec58-4579-ae56-4c53527058bf</volumeId>
      <status>available</status>
      <volumeId>5bc1cf90-b165-4991-af56-20e866614154</volumeId>
      <status>available</status>
      <volumeId>45a2183c-855c-4d58-8205-fc5540fae20b</volumeId>
      <status>available</status>
      <volumeId>2da82335-ec2e-4c0b-9ea7-6687d67e610a</volumeId>
      <status>available</status>
      <volumeId>24714702-d96a-4520-8418-be5d9ef669d9</volumeId>
      <status>available</status>
      <volumeId>1fa40624-7ba5-4cef-82f0-454302ae5737</volumeId>
      <status>available</status>
      <volumeId>0a778a0f-1785-485c-b8a0-ab3002dc52f0</volumeId>
      <status>available</status>
      <volumeId>e5b5bd50-1b0e-4209-adca-9d482ae88a97</volumeId>
      <status>available</status>
      <volumeId>a170e325-5404-4b7f-948d-104ecfb2ce41</volumeId>
      <status>available</status>
      <volumeId>893af206-aa38-4e90-9c71-2a192e89cc54</volumeId>
      <status>available</status>
      <volumeId>eb2497b6-7c43-48c2-83f6-c6b6b663bd40</volumeId>
      <status>available</status>
      <volumeId>3332b825-4af0-4c39-98b6-fc4522f337d6</volumeId>
      <status>available</status>
      <volumeId>283f5e7e-638e-4ee4-bcb8-de47431a06e3</volumeId>
      <status>available</status>
      <volumeId>0cc82165-8e82-4289-89b5-c6f0a0921a2c</volumeId>
      <status>available</status>
      <volumeId>ffa18f20-334f-4f9f-8869-23e8f595b994</volumeId>
      <status>available</status>
      <volumeId>a0dad077-60fd-4217-8b67-3f8519d27c96</volumeId>
      <status>available</status>
      <volumeId>9b813359-3a34-4bc8-b195-d3c997e82886</volumeId>
      <status>available</status>
      <volumeId>93117af1-239f-41f9-802c-d1edadc09a3f</volumeId>
      <status>available</status>
      <volumeId>48548455-85eb-4735-947f-c4c58384d64e</volumeId>
      <status>available</status>
      <volumeId>d08c58d1-fd37-43be-afdf-c1474d6388d0</volumeId>
      <status>available</status>
      <volumeId>67e1b90b-01b7-4e75-a46c-130938bf0c17</volumeId>
      <status>available</status>
      <volumeId>59f17383-8764-4ff2-8a74-280544458ec9</volumeId>
      <status>available</status>
      <volumeId>258fe258-35e9-41bb-8b64-cfed69b229dc</volumeId>
      <status>available</status>
      <volumeId>f58b94e2-8b39-4170-9893-35255db6da79</volumeId>
      <status>available</status>
      <volumeId>dd172542-d3cc-4b58-aa3c-934e62210f23</volumeId>
      <status>available</status>
      <volumeId>d816d207-a2ab-4ad9-b9a9-9601d78d5566</volumeId>
      <status>available</status>
      <volumeId>ad1af5ed-5b7c-464f-8dac-c540cb542c23</volumeId>
      <status>available</status>
      <volumeId>5b86c812-51ce-4285-b231-37cef71dd7c1</volumeId>
      <status>available</status>
      <volumeId>0d25d5ea-0f89-455a-989f-4f9df635be6f</volumeId>
      <status>available</status>
      <volumeId>fb544d7c-ac75-453c-8a3a-3ddd9672bfe4</volumeId>
      <status>available</status>
      <volumeId>e45bb21a-1e0f-4272-8eac-9a7e2fccb4d7</volumeId>
      <status>available</status>
      <volumeId>cd5cce34-56be-4b1f-b362-b01b6a0f541b</volumeId>
      <status>available</status>
      <volumeId>c63b19bf-eff7-45f1-bd31-7badd11f39b8</volumeId>
      <status>available</status>
      <volumeId>74f1e75c-dcf4-40d9-9d12-024719e7a71e</volumeId>
      <status>available</status>
      <volumeId>257cc06b-6b71-4c65-adb6-ace366373634</volumeId>
      <status>available</status>
      <volumeId>c6fcae9b-20b8-4983-b448-09f591a2d537</volumeId>
      <status>available</status>
      <volumeId>19ba4b45-7e75-4970-be8e-e11500f35dc7</volumeId>
      <status>available</status>
      <volumeId>b8cd2837-eeb2-4bfd-bb1c-1d859d01be73</volumeId>
      <status>available</status>
      <volumeId>891dfa65-15c1-45c9-9c36-824bf94a2673</volumeId>
      <status>available</status>
      <volumeId>da916665-25ad-4496-baf1-ab1f6147fada</volumeId>
      <status>available</status>
      <volumeId>da6197fc-5c02-48da-a1ed-9494e3bc2ee1</volumeId>
      <status>available</status>
      <volumeId>3ad2f698-fd4a-47fa-964d-6878db2020d3</volumeId>
      <status>available</status>
      <volumeId>030af834-c0e3-400a-9129-c24524212857</volumeId>
      <status>available</status>
      <volumeId>aa2757b1-1d27-4dd4-a91c-fad1bd514ba9</volumeId>
      <status>available</status>
      <volumeId>944fac6f-b29d-48cb-98ff-24ea2d1b6af8</volumeId>
      <status>available</status>
      <volumeId>3fe48807-d95f-4659-a9ea-3b68de9e01fd</volumeId>
      <status>available</status>
      <volumeId>17885233-8757-4ffa-a048-4c61ffee2b58</volumeId>
      <status>available</status>
      <volumeId>c0b11625-0011-4815-ac43-417894dc26a5</volumeId>
      <status>available</status>
      <volumeId>c0a4d602-f357-4ae0-9f3c-179afd67fb17</volumeId>
      <status>available</status>
      <volumeId>fffc7785-fb34-4d24-83e4-1d413c6fe0aa</volumeId>
      <status>available</status>
      <volumeId>be266a6c-55a6-48f0-9896-bcba7366d9f4</volumeId>
      <status>available</status>
      <volumeId>6a76c520-9774-4838-9fc6-b4f9601df968</volumeId>
      <status>available</status>
      <volumeId>4d382cf1-e5fb-4efc-9fb9-54c5f4e5cc65</volumeId>
      <status>available</status>
      <volumeId>418f8be4-db75-41ff-a403-765bd909b60b</volumeId>
      <status>available</status>
      <volumeId>40e96557-4e30-4ccd-99f0-5ed6cb6fe86b</volumeId>
      <status>available</status>
      <volumeId>f60418a8-4d3b-44a4-8224-9b8690954ef3</volumeId>
      <status>available</status>
      <volumeId>ceaf0b99-32fe-4e29-abb2-575d301837dc</volumeId>
      <status>available</status>
      <volumeId>9e77828d-3c9b-4c75-91bd-d5765f783cf7</volumeId>
      <status>available</status>
      <volumeId>8db057a0-9056-4ff2-a8d8-334d4b821189</volumeId>
      <status>available</status>
      <volumeId>f053783c-fdf2-4f8f-9cdc-af838c2262d5</volumeId>
      <status>available</status>
      <volumeId>59702ee6-b4d2-44c2-91ff-720f1d8fbec2</volumeId>
      <status>available</status>
      <volumeId>27abb4ea-193e-40c5-95ad-7360cae8a80d</volumeId>
      <status>available</status>
      <volumeId>0118a151-129e-430c-9d87-9988b951138a</volumeId>
      <status>available</status>
      <volumeId>d11e1050-e082-4d26-b721-c6a0ac2c642d</volumeId>
      <status>available</status>
      <volumeId>c4cfb09b-49ab-43bc-a7dc-fe23581ef539</volumeId>
      <status>available</status>
      <volumeId>8c56333d-2d7c-40ba-b530-5053da44f960</volumeId>
      <status>available</status>
      <volumeId>6e0842cf-3406-40b7-9f1d-fe50e44a6015</volumeId>
      <status>available</status>
      <volumeId>46f82d37-95b0-4946-8c6c-ded792696e32</volumeId>
      <status>available</status>
      <volumeId>33466d00-0a05-4a8c-ad05-f843e802227e</volumeId>
      <status>available</status>
      <volumeId>cebdde60-a3ce-4e30-a7ce-5e46691dd9bd</volumeId>
      <status>available</status>
      <volumeId>c4d48c9f-5bf1-4d49-8b57-158624e51818</volumeId>
      <status>available</status>
      <volumeId>bc64305b-c091-4504-982c-8812e2afd3e7</volumeId>
      <status>available</status>
      <volumeId>63f081d0-24cf-4668-b6ac-aed793e098c3</volumeId>
      <status>available</status>
      <volumeId>4291adba-f08d-44dc-9f72-4b6ff57e6f56</volumeId>
      <status>available</status>
      <volumeId>d302228d-1617-4da8-9ae9-479f991ce2a7</volumeId>
      <status>available</status>
      <volumeId>c35ea04c-960a-44b8-a0a3-92671525ee89</volumeId>
      <status>available</status>
      <volumeId>a4c42a4f-9d56-4a40-9046-e626f500e2c9</volumeId>
      <status>available</status>
      <volumeId>6b72b2b9-9d1c-442e-a185-548239ac97f3</volumeId>
      <status>available</status>
      <volumeId>1485453a-769d-499a-8375-ff6c031e2da4</volumeId>
      <status>available</status>
      <volumeId>e74005a8-3ffc-4941-b367-1a738b2a0db5</volumeId>
      <status>available</status>
      <volumeId>d0fb89ea-f707-4c15-9e39-a247f2900a39</volumeId>
      <status>available</status>
      <volumeId>b8b847b9-d963-474d-a802-c04cfffb7842</volumeId>
      <status>available</status>
      <volumeId>667fca4d-8532-460d-9f25-0a7c76688912</volumeId>
      <status>available</status>
      <volumeId>3aed3878-bcca-479b-8f2c-2a071aa25ca9</volumeId>
      <status>available</status>
      <volumeId>238cf8d4-85c7-4439-b955-7a969a65992f</volumeId>
      <status>available</status>
      <volumeId>d640e50e-d811-4c4f-8dfb-018615313dc4</volumeId>
      <status>available</status>
      <volumeId>8e1e40e8-81a6-453c-940a-5f04a715ba63</volumeId>
      <status>available</status>
      <volumeId>8753bea5-c83c-49e8-84cf-9a1dba202d16</volumeId>
      <status>available</status>
      <volumeId>f29fcf97-a8c4-459f-9193-0bcbe8c297bf</volumeId>
      <status>available</status>
      <volumeId>d6e2bcaf-50c3-4a4a-96d9-b0e65fa0c588</volumeId>
      <status>available</status>
      <volumeId>71bddfa5-b08d-4200-9771-ae5e3b171bac</volumeId>
      <status>available</status>
      <volumeId>13b4c7f9-00d4-4e70-9b7a-e670d0188f4b</volumeId>
      <status>available</status>
      <volumeId>601fd049-76a1-41df-98a4-144ed505e7ab</volumeId>
      <status>available</status>
      <volumeId>496bd469-71e4-45ea-bc4c-2a704cd4c4be</volumeId>
      <status>available</status>
      <volumeId>2e929642-aff3-4203-82e2-f5c547291ae6</volumeId>
      <status>available</status>
      <volumeId>a7b2c038-5b32-48b8-b586-051b3452bac3</volumeId>
      <status>available</status>
      <volumeId>7647cf63-a62a-48ed-ba90-3a0914fbcbd2</volumeId>
      <status>available</status>
      <volumeId>6f042143-a4e8-42b3-93a1-2d0e19d88a6f</volumeId>
      <status>available</status>
      <volumeId>3d1c0e3c-9356-4fc5-b314-531b064f1764</volumeId>
      <status>available</status>
      <volumeId>06625660-99a4-4c62-9200-d41de28799a9</volumeId>
      <status>available</status>
      <volumeId>02c52e17-a408-4a84-8ff7-31fb28249b6f</volumeId>
      <status>available</status>
      <volumeId>8c4a7d8e-74f3-4911-83ab-2c1467666abc</volumeId>
      <status>available</status>
      <volumeId>5c3d7fe8-99af-4ae9-9a6c-3bd011dd7c5c</volumeId>
      <status>available</status>
      <volumeId>3a51d56c-7553-492a-8cea-1a2bf8dbee07</volumeId>
      <status>available</status>
      <volumeId>e83caf38-e022-4a40-8fe8-5c2708272bca</volumeId>
      <status>available</status>
      <volumeId>abfc9314-7338-493e-b154-522c39def021</volumeId>
      <status>available</status>
      <volumeId>ab97276e-f54f-463b-bb67-d210ec785b7c</volumeId>
      <status>available</status>
      <volumeId>a724dd44-8576-4533-b4b4-b9618f04b76b</volumeId>
      <status>available</status>
      <volumeId>90413417-32c8-48f3-bf8e-2a35dc942d72</volumeId>
      <status>available</status>
      <volumeId>3de8f4f5-b87c-4338-a1c4-250cb0f4de91</volumeId>
      <status>available</status>
      <volumeId>25387c28-3f02-4c7f-a9bb-8cd641e0d715</volumeId>
      <status>available</status>
      <volumeId>1840dca5-27a5-413e-a0d9-0b57ac64a64a</volumeId>
      <status>available</status>
      <volumeId>07f5cf90-104f-4982-9a7d-a3116e69dfe8</volumeId>
      <status>available</status>
      <volumeId>05360f1f-34c2-4287-947a-694dd7097581</volumeId>
      <status>available</status>
      <volumeId>7c9a87ce-45fe-472b-9dda-9369b1e0b75b</volumeId>
      <status>available</status>
      <volumeId>40ee8e47-3865-4b2c-86cc-f91bb141d972</volumeId>
      <status>available</status>
      <volumeId>3a5edccd-e134-4f2b-a007-e3b245de181a</volumeId>
      <status>available</status>
      <volumeId>fc52ca3e-9e3a-4641-9605-c029c64c4b40</volumeId>
      <status>available</status>
      <volumeId>ce4a5d74-daec-4e65-b140-26f83b47a515</volumeId>
      <status>available</status>
      <volumeId>a978635f-c59a-4f8e-8051-b0feeb150fc4</volumeId>
      <status>available</status>
      <volumeId>6a9b951c-1736-4550-924c-8c9de0793710</volumeId>
      <status>available</status>
      <volumeId>5fc016fb-a528-4cd3-b4ce-6e8663b88029</volumeId>
      <status>available</status>
      <volumeId>5bf0ad90-4994-42a1-ab33-654dfef81249</volumeId>
      <status>available</status>
      <volumeId>cd5d0fa4-e185-47fa-bfc0-dcecb07cd8f3</volumeId>
      <status>available</status>
      <volumeId>3e6dbada-21c5-4be9-8281-7cad74b638af</volumeId>
      <status>available</status>
      <volumeId>1346351c-c627-4376-a59a-9f45f09ffc5e</volumeId>
      <status>available</status>
      <volumeId>89df76cc-0d1a-43ad-9dd2-b9ca29423abf</volumeId>
      <status>available</status>
      <volumeId>4e0f4166-0c36-4d80-8e97-832013122302</volumeId>
      <status>available</status>
      <volumeId>39f49518-d91d-49df-a29c-31535d9f95dc</volumeId>
      <status>available</status>
      <volumeId>0573c138-fc03-4300-9407-a74eec887a9c</volumeId>
      <status>available</status>
      <volumeId>b1fc5f14-f7df-4a4e-ad3e-830675ad247e</volumeId>
      <status>available</status>
      <volumeId>94a2ae8a-d88a-46e0-9cb5-29c21ec91dc6</volumeId>
      <status>available</status>
      <volumeId>84cbb25e-03b3-4992-bab2-5225605d9bbb</volumeId>
      <status>available</status>
      <volumeId>73bcca4f-421d-44c5-b99f-34e619767234</volumeId>
      <status>available</status>
      <volumeId>3eca1e2d-95b8-420c-9e1f-3161b8a2dbf7</volumeId>
      <status>available</status>
      <volumeId>258f078f-ddcc-4e84-800c-0ca0113d24bb</volumeId>
      <status>available</status>
      <volumeId>d8d72f2e-7cc3-4d38-b1bf-c4c75bd4e528</volumeId>
      <status>available</status>
      <volumeId>bd214fa9-0d5f-4047-a322-bca5c31aeeb5</volumeId>
      <status>available</status>
      <volumeId>b00a1c49-ff7b-4cd5-a6d3-4cf3773dc899</volumeId>
      <status>available</status>
      <volumeId>75e35b8f-405b-4ba4-bca7-c3abf50ff576</volumeId>
      <status>available</status>
      <volumeId>3a0f593b-821a-4e1b-829d-6b40b83e162f</volumeId>
      <status>available</status>
      <volumeId>0fd4c2cc-e908-47de-bd9d-96a27685a799</volumeId>
      <status>available</status>
      <volumeId>00ff807a-6e2f-4fbd-8265-88c2a1f98c1d</volumeId>
      <status>available</status>
      <volumeId>d5f12db9-385f-424a-bed4-68f68772d36f</volumeId>
      <status>available</status>
      <volumeId>9437545d-ef30-42c3-a81e-faf43cb39f6f</volumeId>
      <status>available</status>
      <volumeId>ee238795-ff8b-4023-8012-59671ab25ba9</volumeId>
      <status>available</status>
      <volumeId>51a877ff-78fe-4485-8c93-e82b96e392d5</volumeId>
      <status>available</status>
      <volumeId>3b2e9f05-749d-4b55-a753-85a252c0ac60</volumeId>
      <status>available</status>
      <volumeId>81ce7cd5-2690-439d-b59e-2fdc8a8d0ddf</volumeId>
      <status>available</status>
      <volumeId>53a054da-9446-4250-985f-9dbe898737be</volumeId>
      <status>available</status>
      <volumeId>0e3944e3-3ce2-426a-a11b-a0c115d6645b</volumeId>
      <status>available</status>
      <volumeId>cd417d41-5187-44ae-83d2-a096e2e7bf98</volumeId>
      <status>available</status>
      <volumeId>b2371b8a-aada-4df0-a4a2-2ccac37f946b</volumeId>
      <status>available</status>
      <volumeId>0ce30ee3-68ba-4afa-9fd6-6637962ccf6b</volumeId>
      <status>available</status>
      <volumeId>d243fcc7-2b70-440a-bf7c-d3a090ccdde7</volumeId>
      <status>available</status>
      <volumeId>8040196d-c21e-4ee7-9966-3c91e508daf6</volumeId>
      <status>available</status>
      <volumeId>3f355394-f3e2-408a-a3c2-33e8ba8cd4f2</volumeId>
      <status>available</status>
      <volumeId>2da86d06-9e0d-4567-859e-c20454747a90</volumeId>
      <status>available</status>
      <volumeId>e40f61f2-455d-43a2-835b-8546dfbe7766</volumeId>
      <status>available</status>
      <volumeId>3aa42562-e0db-47dd-87da-b3d3c9022b60</volumeId>
      <status>available</status>
      <volumeId>803b153a-579b-4968-892a-5049a9169a0f</volumeId>
      <status>available</status>
      <volumeId>7580d1bc-1970-4011-982d-afbdcdf83b15</volumeId>
      <status>available</status>
      <volumeId>b66c860f-fc8f-4202-a449-8abbcece4115</volumeId>
      <status>available</status>
      <volumeId>e2d32998-d2d7-4752-b4f5-0d801e79a907</volumeId>
      <status>available</status>
      <volumeId>6ace9a67-b524-4df7-88d3-709a6ea232b8</volumeId>
      <status>available</status>
      <volumeId>4f00cff1-3dfb-4619-84a8-63440c2de335</volumeId>
      <status>available</status>
      <volumeId>50dfe6ab-3104-4c27-b416-6a3c32471d53</volumeId>
      <status>available</status>
      <volumeId>3b6cf212-5460-409a-9d3c-963bd3acf984</volumeId>
      <status>available</status>
      <volumeId>137faa06-1999-481a-9fbf-e5fa5ee95471</volumeId>
      <status>available</status>
      <volumeId>beb561e2-98a5-4453-a650-851346e4a3c6</volumeId>
      <status>available</status>
      <volumeId>8e6aff8a-0b6e-4de5-a38d-09f66b70190d</volumeId>
      <status>available</status>
      <volumeId>2cb88d3f-ddbb-441e-b0be-47195af9a9e6</volumeId>
      <status>available</status>
      <volumeId>8051af6b-d067-49ac-b0e9-1862a9b63ca4</volumeId>
      <status>available</status>
      <volumeId>ee6c273f-08b2-43ba-9b98-2b2f1e307556</volumeId>
      <status>available</status>
      <volumeId>c530a6ba-c631-4166-a4d9-61dd149b146f</volumeId>
      <status>available</status>
      <volumeId>89e71db3-e196-4364-9a51-bc0c6e26e8a6</volumeId>
      <status>available</status>
      <volumeId>fb2a2d75-d01d-4e86-a85e-ed6d8b7faab0</volumeId>
      <status>available</status>
      <volumeId>d0f55087-bc72-4da9-b6e7-39450a0897dd</volumeId>
      <status>available</status>
      <volumeId>ed4853f9-2914-4389-b2f8-967d5261e0c8</volumeId>
      <status>available</status>
      <volumeId>17899404-45a2-4a93-9128-6793a7041c62</volumeId>
      <status>available</status>
      <volumeId>e6d283f2-24f2-464b-ab52-b968a98919d7</volumeId>
      <status>available</status>
      <volumeId>4dcefd32-c43f-4832-87fb-ff8eb46b77a9</volumeId>
      <status>available</status>
      <volumeId>cc2c8ec0-a65d-496d-92ce-99fda9f7558f</volumeId>
      <status>available</status>
      <volumeId>13506110-32aa-4b34-9099-e0fbeef42041</volumeId>
      <status>available</status>
      <volumeId>0484356c-4196-44c3-8631-9e9b29101fcd</volumeId>
      <status>available</status>
      <volumeId>cc82e0fa-eda8-4a81-ac85-abf2f3654401</volumeId>
      <status>available</status>
      <volumeId>8bc97302-1fa5-4ff4-99d7-59dec324f9cb</volumeId>
      <status>available</status>
      <volumeId>2a3a487a-b037-477d-b7e1-0c7ed6b91f66</volumeId>
      <status>available</status>
      <volumeId>d995758f-742e-4453-b4f4-42a63b6c1c5d</volumeId>
      <status>available</status>
      <volumeId>8303afb6-7e81-479b-a990-49a5d6f4f2f0</volumeId>
      <status>available</status>
      <volumeId>74b4d1e8-0dad-41f4-9e33-ce6ca1faa1aa</volumeId>
      <status>available</status>
      <volumeId>03124bbd-3312-4f61-8ccb-395dc02402d9</volumeId>
      <status>available</status>
      <volumeId>9c1f1b13-116b-4edb-a0a0-b647529b2f12</volumeId>
      <status>available</status>
      <volumeId>5cb611c6-3e55-4d68-8f7f-ec439c5db8fc</volumeId>
      <status>available</status>
      <volumeId>eaa7ebb1-4c78-47a0-81b6-ccabf32edccc</volumeId>
      <status>available</status>
      <volumeId>84c5c60f-12f0-4ec2-b6f8-cbeecea4222d</volumeId>
      <status>available</status>
      <volumeId>6ca3c0d9-d99d-47e9-ba70-8f9f690b5faf</volumeId>
      <status>available</status>
      <volumeId>0c331efb-909c-4697-b207-c7fbcfdb1a44</volumeId>
      <status>available</status>
      <volumeId>05526373-c24e-4593-a504-3ab292d017dc</volumeId>
      <status>available</status>
      <volumeId>f3d130d0-e0e8-4197-9ed0-b758b1fd078e</volumeId>
      <status>available</status>
      <volumeId>d4d187be-42b7-41c9-895b-ad3025d9687a</volumeId>
      <status>available</status>
      <volumeId>6c421978-f805-476f-be5c-b25590e049bd</volumeId>
      <status>available</status>
      <volumeId>c071b2a2-bec5-4e0c-9348-d06acf0a548a</volumeId>
      <status>available</status>
      <volumeId>f88bfacf-4c82-4767-bd30-81502e032212</volumeId>
      <status>available</status>
      <volumeId>560329b3-d6bb-4e51-81c3-0ce6efc98bc0</volumeId>
      <status>available</status>
      <volumeId>ba067aff-65f9-4478-b029-12938497ee60</volumeId>
      <status>available</status>
      <volumeId>3c1df23e-f17c-44b9-86b6-b0a73ea816a8</volumeId>
      <status>available</status>
      <volumeId>a69268f9-b857-41bf-a6ed-b631b278cb21</volumeId>
      <status>available</status>
      <volumeId>073ccc1c-77c0-4412-97c8-83c709abcbba</volumeId>
      <status>available</status>
      <volumeId>17d6f9b3-6147-4e0b-86ac-5778e842607e</volumeId>
      <status>available</status>
      <volumeId>1ceca55f-8155-4640-aee1-a24fb4db32b9</volumeId>
      <status>available</status>
      <volumeId>ad526a9c-6031-44a1-8a2f-bd619e554f2c</volumeId>
      <status>available</status>
      <volumeId>6b0437a4-e6aa-47fe-a8b2-50680d2a1b99</volumeId>
      <status>available</status>
      <volumeId>eb7faa77-027f-415f-94cf-b8b02927d0cb</volumeId>
      <status>available</status>
      <volumeId>47a88fe4-be55-43ee-b107-80301b725a69</volumeId>
      <status>available</status>
      <volumeId>0510e037-db90-425a-b9a3-29d4d40ac448</volumeId>
      <status>available</status>
      <volumeId>011935f0-c436-49de-8c68-1070eaa895ea</volumeId>
      <status>available</status>
      <volumeId>f0b79432-a5fa-4f26-bf30-a6e0dffd966c</volumeId>
      <status>available</status>
      <volumeId>31318ac0-140c-419c-9b55-a484946647ba</volumeId>
      <status>available</status>
      <volumeId>b5f26cb3-9ea4-4a9c-a8ce-2d7b3618216c</volumeId>
      <status>available</status>
      <volumeId>243b28c6-fae8-4072-9e28-a4bc954a4572</volumeId>
      <status>available</status>
      <volumeId>765ad1a1-93f7-493b-a82d-30556b0fbfe7</volumeId>
      <status>available</status>
      <volumeId>597de160-6f0f-4619-97c9-ce54befe3e65</volumeId>
      <status>available</status>
      <volumeId>277543f7-0849-4b9c-8777-9c13bcb2e6bd</volumeId>
      <status>available</status>
      <volumeId>d2ee97d8-f455-41d5-b1b1-b8dac053b646</volumeId>
      <status>available</status>
      <volumeId>c86c3858-9afd-473b-858c-d371fdb2ab5c</volumeId>
      <status>available</status>
      <volumeId>8c807b42-ca7e-4f7d-a7a5-a1d1446559a7</volumeId>
      <status>available</status>
      <volumeId>84c87407-f1d4-4210-86f1-2c63aebd7e69</volumeId>
      <status>available</status>
      <volumeId>7daefc88-b130-4b4f-b132-0c23e78588e5</volumeId>
      <status>available</status>
      <volumeId>5c8de095-89b8-4760-b90a-15409c59711e</volumeId>
      <status>available</status>
      <volumeId>f7198925-d6c1-4bef-bbd1-509b91271f34</volumeId>
      <status>available</status>
      <volumeId>ddba1215-c9f5-4fa6-bc88-a4827354bd29</volumeId>
      <status>available</status>
      <volumeId>d5034ecb-1d5e-418f-9909-80766246b012</volumeId>
      <status>available</status>
      <volumeId>845f8c89-a7e4-4b7f-b9b8-c8161fdccc57</volumeId>
      <status>available</status>
      <volumeId>48e81533-edda-475e-82a3-313ceb78a61b</volumeId>
      <status>available</status>
      <volumeId>1bd4bf9d-4100-4cc1-a684-7a3b4f977302</volumeId>
      <status>available</status>
      <volumeId>fe8a283a-48df-4eef-a84a-ae85084ede95</volumeId>
      <status>available</status>
      <volumeId>c8b21caf-76ad-4f19-827d-b219c1b39ca6</volumeId>
      <status>available</status>
      <volumeId>7d7d7583-a27d-447c-8986-39c4d5ccd9bf</volumeId>
      <status>available</status>
      <volumeId>1e27477b-f903-446b-a450-b95f17bc5e52</volumeId>
      <status>available</status>
      <volumeId>5c6ad28b-c64a-409e-848a-7a46c75f672c</volumeId>
      <status>available</status>
      <volumeId>c1bef5df-72b3-49c8-8fae-85af2774e97e</volumeId>
      <status>available</status>
      <volumeId>61b2b4de-4dcc-4759-8b7b-fe2632853890</volumeId>
      <status>available</status>
      <volumeId>65713812-d748-4db7-8d8d-b92d328c1963</volumeId>
      <status>available</status>
      <volumeId>c08a63cc-856b-4bcd-86de-f977ad84e07b</volumeId>
      <status>available</status>
      <volumeId>1e6c7364-8e8a-4ae6-9512-541eb87f571e</volumeId>
      <status>available</status>
      <volumeId>d0679bd1-a818-4acd-8ab4-5f877138f1ee</volumeId>
      <status>available</status>
      <volumeId>ca2a551e-59e4-4e84-b906-6ef037ef4a98</volumeId>
      <status>available</status>
      <volumeId>7ec52a9f-57f2-4235-befc-daff3ebccc52</volumeId>
      <status>available</status>
      <volumeId>ffff8115-c619-4c67-9b2d-889c2d066b60</volumeId>
      <status>available</status>
      <volumeId>640caa9e-85a2-412d-8517-5db340f24b84</volumeId>
      <status>available</status>
      <volumeId>107347aa-8ae7-4dc1-bfff-03101df39df2</volumeId>
      <status>available</status>
      <volumeId>d3771319-e651-452e-b97f-a7cc3c0fb517</volumeId>
      <status>available</status>
      <volumeId>7ea1dbb9-9c9c-4960-923f-5a9795602949</volumeId>
      <status>available</status>
      <volumeId>ecb7e5f4-81cd-4a70-ace1-ef7282e743ad</volumeId>
      <status>available</status>
      <volumeId>79fbbe6b-3f6f-4714-b8e8-ee8cbe6ffd81</volumeId>
      <status>available</status>
      <volumeId>cb83584a-67b8-40cf-a226-90d3c7e69b30</volumeId>
      <status>available</status>
      <volumeId>7bbd240c-83d2-4d4a-b3da-2ee453ecacff</volumeId>
      <status>available</status>
      <volumeId>637193fb-e180-4a73-a91a-d7be07b35eef</volumeId>
      <status>available</status>
      <volumeId>ec1b1ef3-8ce2-4901-91be-9fcbcb29fb32</volumeId>
      <status>available</status>
      <volumeId>9202408d-4907-47e7-9a05-bad09fa910ed</volumeId>
      <status>available</status>
      <volumeId>6ad2ccfa-d839-4882-83ac-d354f4b4f632</volumeId>
      <status>available</status>
      <volumeId>1893a9ac-e088-4961-bbc6-35d92aa3e178</volumeId>
      <status>available</status>
      <volumeId>d7f75830-d181-4a44-a41d-8c49c3474528</volumeId>
      <status>available</status>
      <volumeId>d606b7ee-9c7f-44d6-a744-21b4234763ef</volumeId>
      <status>available</status>
      <volumeId>c7d7467d-b4bd-448d-b4af-aa5204403ec8</volumeId>
      <status>available</status>
      <volumeId>85f66a1e-fbd7-4c46-bdf9-77ef27ae0071</volumeId>
      <status>available</status>
      <volumeId>6d9689da-379a-4282-a84f-c2ec8af781e5</volumeId>
      <status>available</status>
      <volumeId>55b7dca7-115b-45a2-a16d-75d02fc882e3</volumeId>
      <status>available</status>
      <volumeId>3dc45757-b257-4a0b-8003-044758d7966d</volumeId>
      <status>available</status>
      <volumeId>03788901-2617-45da-b1e5-c9a7f9cb0109</volumeId>
      <status>available</status>
      <volumeId>d94c768f-22dd-4cbf-a38b-c651f69254d5</volumeId>
      <status>available</status>
      <volumeId>d42e76c3-bcf7-4291-b498-f1ca35d6e81b</volumeId>
      <status>available</status>
      <volumeId>6ca2aa98-9327-4faf-9bf1-3d0c3e658ab5</volumeId>
      <status>available</status>
      <volumeId>5b4f160a-5afd-4f36-9cc7-907dab24d518</volumeId>
      <status>available</status>
      <volumeId>21e70187-996b-4652-b621-f604e0c7b3b0</volumeId>
      <status>available</status>
      <volumeId>d49268b1-bc98-4046-ab00-968ee1920b5c</volumeId>
      <status>available</status>
      <volumeId>9f226b82-94a9-49f9-8734-e83bbb554fbc</volumeId>
      <status>available</status>
      <volumeId>4f68a6bf-028c-4af4-8c07-8747edfd22e8</volumeId>
      <status>available</status>
      <volumeId>4c10db81-debc-4dc9-ad43-8157c537c276</volumeId>
      <status>available</status>
      <volumeId>2d2c2004-3155-4fb1-9123-68c91c5e9dea</volumeId>
      <status>available</status>
      <volumeId>e167d7fb-4484-4e09-a290-3fcf0ec784b0</volumeId>
      <status>available</status>
      <volumeId>bf196035-3fc1-4be0-af8e-ba89c90adcca</volumeId>
      <status>available</status>
      <volumeId>bbf52296-3f48-4bb4-90b8-4ce30c1c80b7</volumeId>
      <status>available</status>
      <volumeId>b1876d1b-3397-44b7-99ae-c2dd58400016</volumeId>
      <status>available</status>
      <volumeId>530a66a1-a95e-41ff-a42b-84874bea8fa3</volumeId>
      <status>available</status>
      <volumeId>0bd9b041-7440-4c3c-93bb-d18efeb2e124</volumeId>
      <status>available</status>
      <volumeId>04de1fc8-9c52-4409-b2a5-86603ff7480d</volumeId>
      <status>available</status>
      <volumeId>e68af319-b790-4fb0-a935-b393622ad1d1</volumeId>
      <status>available</status>
      <volumeId>d735e043-e091-4b5d-a0dd-3a9dc5361247</volumeId>
      <status>available</status>
      <volumeId>3bbd435c-13d1-4e39-8268-adf942d67f00</volumeId>
      <status>available</status>
      <volumeId>2b6444c0-1617-4ccd-9e12-2985eae23796</volumeId>
      <status>available</status>
      <volumeId>f34dc7c2-344c-4e52-a7a5-f4df82dcdbd0</volumeId>
      <status>available</status>
      <volumeId>ddf4d7a1-6293-45d2-8f9e-1b5bac348fc2</volumeId>
      <status>available</status>
      <volumeId>9b6ab8e0-1a8c-490a-8545-6b465d41b418</volumeId>
      <status>available</status>
      <volumeId>700f69e1-cd07-483c-855e-0b415ab0c7e2</volumeId>
      <status>available</status>
      <volumeId>099042d2-4f82-4bb5-9431-6430f5b34ed9</volumeId>
      <status>available</status>
      <volumeId>b181743b-b0de-40b7-ba7c-13ae57a1f44f</volumeId>
      <status>available</status>
      <volumeId>ae3d2c5d-dc47-42e9-945c-ebb011930549</volumeId>
      <status>available</status>
      <volumeId>7b8fd550-7d16-45c6-8b0b-e58691e47662</volumeId>
      <status>available</status>
      <volumeId>cd8a8861-2888-4580-9d8e-e2d6421230dc</volumeId>
      <status>available</status>
      <volumeId>ccb0ac4e-c288-456f-8ae2-8325aa239735</volumeId>
      <status>available</status>
      <volumeId>c0de61fc-b4e5-44d4-ba19-ed95321eb1c6</volumeId>
      <status>available</status>
      <volumeId>eb2441fb-c50d-4f7c-ab58-a498490013c8</volumeId>
      <status>available</status>
      <volumeId>24a17825-4d59-4200-b6ca-3b517e0272ab</volumeId>
      <status>available</status>
      <volumeId>2c439a40-e879-4a43-be56-79d5349019c7</volumeId>
      <status>available</status>
      <volumeId>fe89ca97-058e-41d5-8065-40da6c1ae97f</volumeId>
      <status>available</status>
      <volumeId>e57d0cfc-8444-4078-96e2-aa6841cb8bb0</volumeId>
      <status>available</status>
      <volumeId>e2a5cc89-f429-4127-b0da-62c683225412</volumeId>
      <status>available</status>
      <volumeId>d2443f39-2841-4f7d-9211-c211843975cd</volumeId>
      <status>available</status>
      <volumeId>31de151a-7c29-48b0-849c-1665634412f6</volumeId>
      <status>available</status>
      <volumeId>80848c42-13c7-4107-b0ec-37f7659c0d48</volumeId>
      <status>available</status>
      <volumeId>67180e74-1994-43c0-b5a7-83f6dffffe52</volumeId>
      <status>available</status>
      <volumeId>eead0077-1c4a-4d92-ac8f-f534151c7483</volumeId>
      <status>available</status>
      <volumeId>c88b5adf-31fd-4516-8667-69a1e03c7d91</volumeId>
      <status>available</status>
      <volumeId>a2d7df45-3ba1-434f-a811-eaf69e0ff25d</volumeId>
      <status>available</status>
      <volumeId>38633553-ab9a-4bdf-af87-863360144108</volumeId>
      <status>available</status>
      <volumeId>1221a2d1-d256-40a6-8cb3-ffc06048193d</volumeId>
      <status>available</status>
      <volumeId>ca5e9b5e-96ba-49bf-9d79-f6a7361ad853</volumeId>
      <status>available</status>
      <volumeId>a16b7173-f0f0-4cee-bcd7-19da539584d9</volumeId>
      <status>available</status>
      <volumeId>75c75389-ee7f-41db-8239-752729d5fd32</volumeId>
      <status>available</status>
      <volumeId>ef9e12dc-06e5-4f27-84a6-2a97f0d127e0</volumeId>
      <status>available</status>
      <volumeId>aac35dc7-4d73-47c1-9e49-bb156380f009</volumeId>
      <status>available</status>
      <volumeId>751b4c45-2976-40d5-9633-ddaf3469990c</volumeId>
      <status>available</status>
      <volumeId>12327b94-7e00-4781-8152-cca6989be176</volumeId>
      <status>available</status>
      <volumeId>0b367429-8225-40cf-874a-df1a554ddf7b</volumeId>
      <status>available</status>
      <volumeId>00e85aa5-3de8-425a-b654-2b7199809e4a</volumeId>
      <status>available</status>
      <volumeId>ffee8cb8-27ad-4976-b9fb-56dadb1dd54e</volumeId>
      <status>available</status>
      <volumeId>f2557609-1839-4f0b-a75c-aefdff730caf</volumeId>
      <status>available</status>
      <volumeId>e4faf80b-d34c-4a11-b2f9-e0e16d6c0613</volumeId>
      <status>available</status>
      <volumeId>d0ac7ea6-4e93-44d2-862b-17b3a79e4e5d</volumeId>
      <status>available</status>
      <volumeId>95635150-da98-4230-a81c-f6f776ae6d26</volumeId>
      <status>available</status>
      <volumeId>90acdea6-2981-48f3-b636-bdb694fabe46</volumeId>
      <status>available</status>
      <volumeId>86a98276-90cf-431e-8476-d409a51a1882</volumeId>
      <status>available</status>
      <volumeId>499d1aa0-f4ea-49ad-84cd-ceece927a402</volumeId>
      <status>available</status>
      <volumeId>350ec0ff-d814-45cc-a220-1e7ad510ae63</volumeId>
      <status>available</status>
      <volumeId>20fe5594-43bf-4c36-afc3-896d5b6646cb</volumeId>
      <status>available</status>
      <volumeId>12c1500a-e434-4fda-b91a-9803d8c7bba2</volumeId>
      <status>available</status>
      <volumeId>eba881db-81af-4ab6-b971-5d3b57cccabe</volumeId>
      <status>available</status>
      <volumeId>c969a961-e658-4ec8-b5c9-fcac01b81d8e</volumeId>
      <status>available</status>
      <volumeId>245cd71e-a6f1-4c47-bf55-33d9b57baadd</volumeId>
      <status>available</status>
      <volumeId>0691c474-71a6-4134-9e8c-c441fc274eb3</volumeId>
      <status>available</status>
      <volumeId>c07fba1f-53e9-4b9d-b74f-7a8c472f7dbd</volumeId>
      <status>available</status>
      <volumeId>9d28efaf-942e-4e6d-aba2-6c6b8baa3998</volumeId>
      <status>available</status>
      <volumeId>7dd37795-8441-4498-a532-cd9f030f4919</volumeId>
      <status>available</status>
      <volumeId>22f77f0f-043f-4c84-8515-ba8da6cf2840</volumeId>
      <status>available</status>
      <volumeId>0de3d753-0f85-4bc6-b386-d14992e5d685</volumeId>
      <status>available</status>
      <volumeId>c4f0f87c-dbcc-4147-8de4-e5bdce8c1851</volumeId>
      <status>available</status>
      <volumeId>b7745425-cda8-424e-9e6d-c86b9d221cde</volumeId>
      <status>available</status>
      <volumeId>9f3f68ed-20c8-4d53-a7aa-b9c32d4a8c73</volumeId>
      <status>available</status>
      <volumeId>8e3f259d-f2d0-450f-afb3-121093ee5667</volumeId>
      <status>available</status>
      <volumeId>31b91085-d447-454e-b65b-9e441fadf479</volumeId>
      <status>available</status>
      <volumeId>79099920-8e30-4dbd-bd3c-86840ab3fc4e</volumeId>
      <status>available</status>
      <volumeId>07cf5743-724a-4315-8d20-f99df3a2017f</volumeId>
      <status>available</status>
      <volumeId>f1a6ae63-fe76-467c-aee3-465b721a76b6</volumeId>
      <status>available</status>
      <volumeId>9b53c8a3-2080-4cd8-9e02-6ab203816de5</volumeId>
      <status>available</status>
      <volumeId>d2c9f1e0-528c-413f-abe0-424c7c21483c</volumeId>
      <status>available</status>
      <volumeId>9bd4d2c1-b48c-4ebf-be35-637bf884f00d</volumeId>
      <status>available</status>
      <volumeId>c9d55b12-ec3f-447e-b9f0-2f7a6c0e075e</volumeId>
      <status>available</status>
      <volumeId>9755514f-eb8c-4688-be9e-496f3bdc63c4</volumeId>
      <status>available</status>
      <volumeId>1b84729a-d0ae-4190-9154-312f2b279499</volumeId>
      <status>available</status>
      <volumeId>a985d746-cf83-4598-89e3-5669301b119c</volumeId>
      <status>available</status>
      <volumeId>4b6b161a-f2e5-499d-8227-603d0aab8063</volumeId>
      <status>available</status>
      <volumeId>8fc1ee64-55b7-451c-a0c9-9a88165f4c65</volumeId>
      <status>available</status>
      <volumeId>88943ebd-cf4b-40c0-a922-292294d25528</volumeId>
      <status>available</status>
      <volumeId>39528e6f-510f-45c4-a315-9aabe65952ec</volumeId>
      <status>available</status>
      <volumeId>a3fdb46a-c04d-476e-a2b8-25c4b184f918</volumeId>
      <status>available</status>
      <volumeId>2557d7ce-f0ba-489c-b0d1-5797babba3f2</volumeId>
      <status>available</status>
      <volumeId>80ddf23f-fe1d-4d72-9f92-f2ab0a8a7828</volumeId>
      <status>available</status>
      <volumeId>f881afb4-4d88-49aa-9d01-e68b457dc16b</volumeId>
      <status>available</status>
      <volumeId>d85ed355-5f35-42cf-993f-be68eec8a1a5</volumeId>
      <status>available</status>
      <volumeId>48d43e7f-f9b7-492c-9a7f-db63915b40b1</volumeId>
      <status>available</status>
      <volumeId>a52d86e5-56ce-4c2c-8666-8e2b72b3ae72</volumeId>
      <status>available</status>
      <volumeId>86e6244c-c347-4799-bfb4-2d45c0692108</volumeId>
      <status>available</status>
      <volumeId>5e4c2f83-b2d5-4223-a817-58d444da2b69</volumeId>
      <status>available</status>
      <volumeId>0de831dc-5845-45e8-8f0f-668a9ab6c92c</volumeId>
      <status>available</status>
      <volumeId>76acd978-6798-4c7f-93f2-11236a3832c1</volumeId>
      <status>available</status>
      <volumeId>3856b750-7d42-4943-8ffc-9226e0e9af8f</volumeId>
      <status>available</status>
      <volumeId>940b7f88-4268-4976-b348-3f5eb02426c2</volumeId>
      <status>available</status>
      <volumeId>79583cf2-c9f7-45f5-ae1d-69c3255186ea</volumeId>
      <status>available</status>
      <volumeId>1ae9d0d3-1611-41dd-8663-b49fdbb98337</volumeId>
      <status>available</status>
      <volumeId>71bf3e95-a17e-438d-a9dc-de1eaa4b65c5</volumeId>
      <status>available</status>
      <volumeId>c32f8fa3-4ab5-4049-aea7-c959f8287443</volumeId>
      <status>available</status>
      <volumeId>b5a3823e-3689-4200-9bba-b0270f3c87b7</volumeId>
      <status>available</status>
      <volumeId>b5f191d9-81c3-4280-bb49-f2dae6c7196e</volumeId>
      <status>available</status>
      <volumeId>5d30b5dd-545d-420c-9515-56ee8ac3eb9f</volumeId>
      <status>available</status>
      <volumeId>0f82ee46-0a74-4fb9-bfd7-ae94a62fe514</volumeId>
      <status>available</status>
      <volumeId>f568563c-98d9-40d1-94ce-c0942c931f05</volumeId>
      <status>available</status>
      <volumeId>63e61a19-e04a-4d72-ba06-f60dd1137ec4</volumeId>
      <status>available</status>
      <volumeId>fd671446-edd1-4b47-8aff-e68f371e3506</volumeId>
      <status>available</status>
      <volumeId>3dc0cf30-367d-48a1-9627-e05bb8f25a96</volumeId>
      <status>available</status>
      <volumeId>29c2b933-c22f-472c-84dd-0ac68ceedeef</volumeId>
      <status>available</status>
      <volumeId>02d021f3-20cf-4c77-9170-6c698d6569fb</volumeId>
      <status>available</status>
      <volumeId>c5b52752-e678-4251-85f0-06fda411906d</volumeId>
      <status>available</status>
      <volumeId>c2e69e24-5c02-4421-9e72-d186725c62f3</volumeId>
      <status>available</status>
      <volumeId>6a64f5e3-1f43-465d-b49d-e695657d778b</volumeId>
      <status>available</status>
      <volumeId>6a5f8d52-1555-40b7-b940-5ad03285dafb</volumeId>
      <status>available</status>
      <volumeId>413e3fad-5102-435b-975d-fe2233ab424e</volumeId>
      <status>available</status>
      <volumeId>6f2dcc85-1544-40f8-9823-4d4bc7576c68</volumeId>
      <status>available</status>
      <volumeId>f6d47fd6-72a9-4a1b-891b-9baf2996170f</volumeId>
      <status>available</status>
      <volumeId>c8f5d2e0-826d-42ad-883d-52b86be7ce2f</volumeId>
      <status>available</status>
      <volumeId>a7e75c4c-daec-4a13-af08-a841b96c653e</volumeId>
      <status>available</status>
      <volumeId>987aa1cd-6a70-410d-8c0d-58c327551303</volumeId>
      <status>available</status>
      <volumeId>7b232e81-4e94-484d-b1e4-54a7ac01391d</volumeId>
      <status>available</status>
      <volumeId>abf301b8-df8d-4234-a97d-ae89adb4edda</volumeId>
      <status>available</status>
      <volumeId>9ed9a52e-0282-4825-92d4-766d6e0db0ba</volumeId>
      <status>available</status>
      <volumeId>8e55299f-135c-4e17-ae7d-016b35de6d35</volumeId>
      <status>available</status>
      <volumeId>f27e9ccf-d1e6-4f31-9765-56d86de5dc0a</volumeId>
      <status>available</status>
      <volumeId>d0bb387f-f2f6-4beb-a6ff-5fd4ee5bc598</volumeId>
      <status>available</status>
      <volumeId>b4026e8e-6b61-40d6-bfbe-c5e01834a547</volumeId>
      <status>available</status>
      <volumeId>afc4c7ee-bf8d-4ea7-8ce6-6dc5a1c98cba</volumeId>
      <status>available</status>
      <volumeId>8aff8ed3-82d2-44a3-8ab3-bcc3aac3c056</volumeId>
      <status>available</status>
      <volumeId>3cdbad54-790f-44cb-984b-4bb5ea8cace9</volumeId>
      <status>available</status>
      <volumeId>235d9a82-7b69-45eb-97f0-d9893ab18658</volumeId>
      <status>available</status>
      <volumeId>40543849-de99-4e05-97fa-b440ad1bafc5</volumeId>
      <status>available</status>
      <volumeId>4d928e7a-3749-4315-bf95-6440aa036856</volumeId>
      <status>available</status>
      <volumeId>431f2695-a4d0-40a9-b360-d135611b9117</volumeId>
      <status>available</status>
      <volumeId>eacea33c-3163-46bc-b04e-bf9d4ad20f98</volumeId>
      <status>available</status>
      <volumeId>fd504661-93dc-46b5-93bf-8efb2376952c</volumeId>
      <status>available</status>
      <volumeId>579aa03e-29c8-453d-91e8-4a3fcfa564ad</volumeId>
      <status>available</status>
      <volumeId>c5099b71-e4cc-434f-a0ff-7439fbab4e06</volumeId>
      <status>available</status>
      <volumeId>bb2eda4c-24d4-4829-92b2-06bdf06fdec7</volumeId>
      <status>available</status>
      <volumeId>c7b2597c-17df-439c-a3e6-90192ad62e42</volumeId>
      <status>available</status>
      <volumeId>bd46ba07-ef1c-4378-bd95-4716d1c45ace</volumeId>
      <status>available</status>
      <volumeId>233edbfe-7134-4d74-b2fa-f15f82ddea0b</volumeId>
      <status>available</status>
      <volumeId>f70f829b-52c4-4968-9669-9b907fb947bc</volumeId>
      <status>available</status>
      <volumeId>431da55c-f6dc-4176-94f1-356ea760ec97</volumeId>
      <status>available</status>
      <volumeId>2acffe80-d542-4153-8b18-d3be4542d2d2</volumeId>
      <status>available</status>
      <volumeId>088b29c8-d592-4cd4-83f7-bf3281d3406e</volumeId>
      <status>available</status>
      <volumeId>d9d25e7a-6fc0-4236-aec5-be76534d3771</volumeId>
      <status>available</status>
      <volumeId>b94bdb28-70be-44da-b89a-7b3026a46e6f</volumeId>
      <status>available</status>
      <volumeId>5150887e-3912-457a-8215-fda8a1280d3c</volumeId>
      <status>available</status>
      <volumeId>0f83bf2b-eb03-40da-bdd6-8195f8508f80</volumeId>
      <status>available</status>
      <volumeId>3429e963-c15d-49a2-8bfc-d4724297cac7</volumeId>
      <status>available</status>
      <volumeId>4ac1b279-1882-4968-b988-7d75bdf3cc7b</volumeId>
      <status>available</status>
      <volumeId>094fe2c9-74a1-4421-ad6a-0d80fb52d824</volumeId>
      <status>available</status>
      <volumeId>fa0ab84e-9977-459a-8b6a-476a507b5a8d</volumeId>
      <status>available</status>
      <volumeId>99c9fdd4-7ab6-47c8-b3b6-d30078467f93</volumeId>
      <status>available</status>
      <volumeId>93ac20e5-a997-49f9-8889-a1e159007611</volumeId>
      <status>available</status>
      <volumeId>99aac936-0a6c-428b-990e-62aca306c63b</volumeId>
      <status>available</status>
      <volumeId>0fea0b69-e12f-443e-b52a-a8f689cf98dc</volumeId>
      <status>available</status>
      <volumeId>fc21db24-9bfc-4e6a-80cb-fefe3558c61c</volumeId>
      <status>available</status>
      <volumeId>a4989697-191a-412d-9e00-71c598611fa2</volumeId>
      <status>available</status>
      <volumeId>3468a7ac-7f24-4a81-b5ed-8deb52ea879d</volumeId>
      <status>available</status>
      <volumeId>fdc15435-8e92-4547-ba19-987fd1f33cae</volumeId>
      <status>available</status>
      <volumeId>ed616fc6-f8c2-4ac3-b9f9-aa47f12476c8</volumeId>
      <status>available</status>
      <volumeId>e398c500-f032-4d02-be5b-a3ed9a40fa6c</volumeId>
      <status>available</status>
      <volumeId>da24e4d0-cbb7-4559-b391-640d7060f9c3</volumeId>
      <status>available</status>
      <volumeId>92c029b5-7938-4b55-a560-f866cbc13e03</volumeId>
      <status>available</status>
      <volumeId>88cd2d27-6285-4691-821b-a400d03ac0a8</volumeId>
      <status>available</status>
      <volumeId>7e0a5c6b-a486-47b2-ab4e-fd9bcec596bb</volumeId>
      <status>available</status>
      <volumeId>65632d4f-b9ea-4071-87fb-282718c3ebdf</volumeId>
      <status>available</status>
      <volumeId>d8b38791-c613-45e6-b055-1bf508958ce4</volumeId>
      <status>available</status>
      <volumeId>b47d7cdf-ce19-4276-a2f1-5aa95a38db2f</volumeId>
      <status>available</status>
      <volumeId>930e1eec-6e66-4bfd-ab24-4f0fc5d28d3a</volumeId>
      <status>available</status>
      <volumeId>844dec19-d04a-431d-b507-ed7c0a1c69e7</volumeId>
      <status>available</status>
      <volumeId>7f922859-3e0c-4186-a4b6-efce6cfc2d54</volumeId>
      <status>available</status>
      <volumeId>7bf36845-a0f1-4e21-842d-dcc7b9d0be2a</volumeId>
      <status>available</status>
      <volumeId>7b741a45-03c9-4304-96e1-2947f559ddb7</volumeId>
      <status>available</status>
      <volumeId>d30ec2b0-c057-4fbd-9159-004b29df4080</volumeId>
      <status>available</status>
      <volumeId>af25ed41-6f1a-4215-901c-257213f0d135</volumeId>
      <status>available</status>
      <volumeId>8c9b8eda-a9dc-4e31-abfe-c954a8c1120e</volumeId>
      <status>available</status>
      <volumeId>0f82b539-1930-41bf-98fe-f3fafa2ebaef</volumeId>
      <status>available</status>
      <volumeId>0673b846-b276-4a13-9012-7feded7b24c7</volumeId>
      <status>available</status>
      <volumeId>bbe5a2a9-6afd-476e-8d17-e75553388113</volumeId>
      <status>available</status>
      <volumeId>92b857a7-a294-4c05-8bbf-0f6e7b16dbcf</volumeId>
      <status>available</status>
      <volumeId>b90ea6a6-0e96-4d80-ae8a-ac406ea90fb6</volumeId>
      <status>available</status>
      <volumeId>bc01a2d8-5285-41fe-8dbd-ae4b9c92d7ca</volumeId>
      <status>available</status>
      <volumeId>7394e063-dc1f-4361-8ae5-bbd27634c5ec</volumeId>
      <status>available</status>
      <volumeId>0da7f059-2fc2-4228-a0f8-af499654cc75</volumeId>
      <status>available</status>
      <volumeId>9fbf072d-740d-40ac-8fca-38f781d011b3</volumeId>
      <status>available</status>
      <volumeId>75b3f3e5-ef71-4dac-af54-8bd7806a37e1</volumeId>
      <status>available</status>
      <volumeId>02728c0f-7b28-4c2b-aeac-d898d8301c34</volumeId>
      <status>available</status>
      <volumeId>7da85a43-1130-4d40-a5c4-d733093d0456</volumeId>
      <status>available</status>
      <volumeId>49b0bfea-df4f-4125-bf26-2e1069344bb1</volumeId>
      <status>available</status>
      <volumeId>ce86df85-1a5c-4f38-b020-8161906e5d00</volumeId>
      <status>available</status>
      <volumeId>b5f1c3d5-d37c-4aa3-a288-da18b61f8933</volumeId>
      <status>available</status>
      <volumeId>db4ac596-c95a-4431-8d89-b3a024be5dfb</volumeId>
      <status>available</status>
      <volumeId>cf18b961-304a-4eeb-9f83-ce01fd733ac4</volumeId>
      <status>available</status>
      <volumeId>2fdb937f-ac52-4535-a330-eda93c03d32f</volumeId>
      <status>available</status>
      <volumeId>e3c0a73d-6628-4391-9fb4-32adea81e6b1</volumeId>
      <status>available</status>
      <volumeId>b2001110-62ba-4115-8633-890405144790</volumeId>
      <status>available</status>
      <volumeId>931f874e-b8d3-451a-bd48-7b312f139a19</volumeId>
      <status>available</status>
      <volumeId>64b400c1-042c-47e7-830e-cf46d596af3e</volumeId>
      <status>available</status>
      <volumeId>5d5b07a5-c756-45cb-afe4-c9d92d19605d</volumeId>
      <status>available</status>
      <volumeId>356d66d9-1796-4c16-a53c-57a6e55cc270</volumeId>
      <status>available</status>
      <volumeId>27282ee7-0dc3-4eaf-8a0c-2bd4d3916c4b</volumeId>
      <status>available</status>
      <volumeId>0cacd999-a5f7-4270-add7-d946a2c959e2</volumeId>
      <status>available</status>
      <volumeId>d8e2b659-86c6-4ca7-9a8e-1619e12c6fac</volumeId>
      <status>available</status>
      <volumeId>d2208477-2582-4781-909e-605088bf69a1</volumeId>
      <status>available</status>
      <volumeId>7dc6f5f5-9422-4dda-af78-ab1c2d5c6073</volumeId>
      <status>available</status>
      <volumeId>165b58f4-0820-4b3e-b034-e2949e70affe</volumeId>
      <status>available</status>
      <volumeId>f8330873-7e21-432c-aebe-ff840abb3e63</volumeId>
      <status>available</status>
      <volumeId>cfe7c986-95b4-4446-ba96-95a3eccfeb18</volumeId>
      <status>available</status>
      <volumeId>c7eb1043-ce85-43d5-801c-325b87b6a249</volumeId>
      <status>available</status>
      <volumeId>6c871210-0efd-4840-9b88-fcb94c0517fe</volumeId>
      <status>available</status>
      <volumeId>5053eacc-ff5e-4e76-afa4-25ac3a6e74ec</volumeId>
      <status>available</status>
      <volumeId>4ffb2da8-c64e-44bd-a42f-db054a868727</volumeId>
      <status>available</status>
      <volumeId>3fe8ff23-18ef-4e4d-a7ae-c7f0bbb656b8</volumeId>
      <status>available</status>
      <volumeId>114663b0-34b5-4548-b856-6cb3b6dc5a1e</volumeId>
      <status>available</status>
      <volumeId>0e27816f-4ae8-4ae7-9f91-8b7d055eb708</volumeId>
      <status>available</status>
      <volumeId>f2c6cc18-9cb9-46bf-afb5-90d0f02a7bff</volumeId>
      <status>available</status>
      <volumeId>e498a301-11af-488a-b2c5-303b6817a303</volumeId>
      <status>available</status>
      <volumeId>ce66c5df-8e57-432e-a6e6-85508424f82c</volumeId>
      <status>available</status>
      <volumeId>9f9eb908-cc84-4b75-9ae7-72fe1a82f0cb</volumeId>
      <status>available</status>
      <volumeId>9595bb24-9941-48a5-846d-71e726b1a0e7</volumeId>
      <status>available</status>
      <volumeId>81f5285f-5b8f-4cc9-8e9d-174230565994</volumeId>
      <status>available</status>
      <volumeId>6807faed-03c2-4e01-8019-078068e49b16</volumeId>
      <status>available</status>
      <volumeId>379d0a54-6fde-469a-b163-f56dbc2629fd</volumeId>
      <status>available</status>
      <volumeId>df2635f2-e541-41a8-9825-b9ab3a3c3035</volumeId>
      <status>available</status>
      <volumeId>d6ebee0d-0d4f-4d2c-b14d-8d9829933dea</volumeId>
      <status>available</status>
      <volumeId>d0dbb44b-43d3-4144-80ea-b24a4ad73171</volumeId>
      <status>available</status>
      <volumeId>56be46a6-b2de-47bd-946a-176b34d489d9</volumeId>
      <status>available</status>
      <volumeId>d635d47d-b1cf-4e0f-b1ed-a3d388e2fe62</volumeId>
      <status>available</status>
      <volumeId>acb979a5-50eb-4169-9c85-acbe74200092</volumeId>
      <status>available</status>
      <volumeId>0622bf77-63f6-4aa1-bff8-24b2e8ea5f30</volumeId>
      <status>available</status>
      <volumeId>2a2b1865-165c-407d-8dcc-3444f37b322f</volumeId>
      <status>available</status>
      <volumeId>eaa78e43-7a67-4508-8739-0954854fd30c</volumeId>
      <status>available</status>
      <volumeId>822feabe-4e2d-48d9-a1ca-eda978752510</volumeId>
      <status>available</status>
      <volumeId>63711aa1-a3aa-4b5f-a87e-05218dd126a4</volumeId>
      <status>available</status>
      <volumeId>52cde530-d0f1-4b2f-80db-c37a2f483c4c</volumeId>
      <status>available</status>
      <volumeId>a5ec38c3-0b83-4bb3-8f03-281ceb042dba</volumeId>
      <status>available</status>
      <volumeId>8f8895ee-7f1c-4652-ba10-3e03dfd97c25</volumeId>
      <status>available</status>
      <volumeId>8e08601c-9ce1-4370-bcda-bf081af1586b</volumeId>
      <status>available</status>
      <volumeId>7dfb7258-7c47-4ff7-808a-6fcb5a7ccaee</volumeId>
      <status>available</status>
      <volumeId>289138b2-9166-4c2d-a53f-40b0aaaf0a26</volumeId>
      <status>available</status>
      <volumeId>ef1bc61a-3aef-49d0-97dc-6d9c1447e567</volumeId>
      <status>available</status>
      <volumeId>118e1624-de21-497a-948c-8d9e010e0d7a</volumeId>
      <status>available</status>
      <volumeId>f2c6580c-ebcd-4fb4-b929-bdd6346d3c65</volumeId>
      <status>available</status>
      <volumeId>7c79abeb-5d6d-4328-b423-b8a14f477553</volumeId>
      <status>available</status>
      <volumeId>dfed16ab-befc-4a6c-8edd-7eee7c7e2fa1</volumeId>
      <status>available</status>
      <volumeId>5da64dd7-42f2-404c-a672-ca43bebcf8c9</volumeId>
      <status>available</status>
      <volumeId>0e590f12-56b0-43bd-986b-5a3f920e249f</volumeId>
      <status>available</status>
      <volumeId>08b22c86-86ca-4998-baf7-11b104c37d56</volumeId>
      <status>available</status>
      <volumeId>bc1b7432-1791-458b-87f6-519096597a55</volumeId>
      <status>available</status>
      <volumeId>a2793a2f-36cd-4ebd-a32f-678b6c6847d8</volumeId>
      <status>available</status>
      <volumeId>8432be64-f01f-4489-a846-f650c414d402</volumeId>
      <status>available</status>
      <volumeId>67a7db9c-4c40-4c2f-81b0-7292215dbcee</volumeId>
      <status>available</status>
      <volumeId>4c5009af-683a-42b7-a499-831ff6ee3385</volumeId>
      <status>available</status>
      <volumeId>44858efc-5f88-4874-b339-5f1e14cc0cc3</volumeId>
      <status>available</status>
      <volumeId>4148334d-3fd3-4d34-b6f2-fa8014b1a5af</volumeId>
      <status>available</status>
      <volumeId>1eac30dd-8b82-4165-b0b7-d4ce758222c3</volumeId>
      <status>available</status>
      <volumeId>5c4f467c-aeea-4d15-8b4f-9e93dbd94697</volumeId>
      <status>available</status>
      <volumeId>4bb80d77-de82-4ab4-bec8-213533c239a0</volumeId>
      <status>available</status>
      <volumeId>440a8d37-f814-42ba-8e61-345a55e6035b</volumeId>
      <status>available</status>
      <volumeId>f238c08b-4c61-4629-920d-ea71dfa73cb3</volumeId>
      <status>available</status>
      <volumeId>438038be-30ba-4b39-be0a-61955d2f0824</volumeId>
      <status>available</status>
      <volumeId>d344b9e2-65b4-4eef-9406-43b63ad30324</volumeId>
      <status>available</status>
      <volumeId>a9ca7256-5582-47be-b6d0-5f6f1659577f</volumeId>
      <status>available</status>
      <volumeId>9c467845-3672-419b-9b26-f43eb2873094</volumeId>
      <status>available</status>
      <volumeId>89cd218f-3712-4fd2-bfb3-90be63884b9c</volumeId>
      <status>available</status>
      <volumeId>f921cdf3-0aa3-4775-bc0b-78424337542c</volumeId>
      <status>available</status>
      <volumeId>d4f6991f-495e-4005-88f2-cddb3ca2d490</volumeId>
      <status>available</status>
      <volumeId>c9071e10-a8ea-40ee-8b15-ba192f5ebcba</volumeId>
      <status>available</status>
      <volumeId>5f908f22-4f0d-4c16-832b-1441bdb10141</volumeId>
      <status>available</status>
      <volumeId>20f13484-31b5-434a-98ad-307300ee2870</volumeId>
      <status>available</status>
      <volumeId>02fa8a89-cada-45db-a426-07d2062be066</volumeId>
      <status>available</status>
      <volumeId>ce2f75b7-afab-4645-9ecc-f68242fc0f49</volumeId>
      <status>available</status>
      <volumeId>a658b533-bfdb-497c-9db5-50c51ddfc7d4</volumeId>
      <status>available</status>
      <volumeId>a1cdaf7e-3e8e-4aa3-ac0e-0d3dd26fb876</volumeId>
      <status>available</status>
      <volumeId>8f81e3d9-d8c7-4b81-ae1f-03c88bdc64d4</volumeId>
      <status>available</status>
      <volumeId>8b546df4-fbe4-481a-ba9a-5c5a288355de</volumeId>
      <status>available</status>
      <volumeId>5c42833d-29d3-4285-b8fa-06468c5b5af7</volumeId>
      <status>available</status>
      <volumeId>1674c3ee-c053-4ab9-833f-85cbee7ea22e</volumeId>
      <status>available</status>
      <volumeId>1740c20e-edba-4f58-8aae-f67d7a0f99f8</volumeId>
      <status>available</status>
      <volumeId>145c460a-8be2-4f0d-a92c-96f8682ab3b1</volumeId>
      <status>available</status>
      <volumeId>750efe6a-8b7f-4218-8808-2ed7c24c4187</volumeId>
      <status>available</status>
      <volumeId>6533b2fc-8f4f-4949-b5e3-8238895fe337</volumeId>
      <status>available</status>
      <volumeId>12743d00-0b77-454a-9b08-3465b2e8ddfa</volumeId>
      <status>available</status>
      <volumeId>088f7f5e-5bd1-4ab5-90eb-b8311c71f58b</volumeId>
      <status>available</status>
      <volumeId>70fcffb9-d0b3-4a9d-930c-2c0ec1a1d1da</volumeId>
      <status>available</status>
      <volumeId>05a2e47f-87dd-4ca4-beb4-0bace5ec9442</volumeId>
      <status>available</status>
      <volumeId>ebacfc3c-d68f-4fe1-820b-a06fbd38473f</volumeId>
      <status>available</status>
      <volumeId>44aa7dd7-0b9c-47e1-9533-06d009047741</volumeId>
      <status>available</status>
      <volumeId>117d40bf-ae34-446a-a6a5-d7907687d7d3</volumeId>
      <status>available</status>
      <volumeId>66fc61fb-ec31-45a9-9a4e-69b1aaed17d5</volumeId>
      <status>available</status>
      <volumeId>b2e97303-ec11-4e29-9e13-432dde503cd9</volumeId>
      <status>available</status>
      <volumeId>8da6ed02-cb8f-4013-8f45-6e7b9eef25bf</volumeId>
      <status>available</status>
      <volumeId>7bfb5eab-39a8-4264-99ba-dfb97a80b942</volumeId>
      <status>available</status>
      <volumeId>7234e1eb-c02d-4e36-b4cc-903a46e2a9fe</volumeId>
      <status>available</status>
      <volumeId>27450220-6af2-4e19-b053-69a9e2e04700</volumeId>
      <status>available</status>
      <volumeId>8735cb27-d73c-4191-9a04-b04ba2d3c004</volumeId>
      <status>available</status>
      <volumeId>7533d5d7-516e-49c9-9cbd-96c5947d9634</volumeId>
      <status>available</status>
      <volumeId>63274338-2f7c-4af1-b24d-034713f3a940</volumeId>
      <status>available</status>
      <volumeId>7818b066-0446-464b-9a9a-c7dd2763e2d2</volumeId>
      <status>available</status>
      <volumeId>746333ae-a7dd-49d7-9e10-2ec1f00dafb8</volumeId>
      <status>available</status>
      <volumeId>61fbd725-779f-42e2-9a41-5485761fd2df</volumeId>
      <status>available</status>
      <volumeId>04ee665f-0f09-4d87-8c50-55661a9ddb04</volumeId>
      <status>available</status>
      <volumeId>f476c06e-673f-4324-a507-3cb0773c359c</volumeId>
      <status>available</status>
      <volumeId>eb5995b8-15f9-46e5-9fb5-07a9ae8166fd</volumeId>
      <status>available</status>
      <volumeId>e7765237-fa0b-483c-bb14-04793d0ec1d0</volumeId>
      <status>available</status>
      <volumeId>cc744b30-1707-4cf0-9f89-cf53cdbf61bb</volumeId>
      <status>available</status>
      <volumeId>b118dab6-ed09-4afb-a344-d31d744d2cf3</volumeId>
      <status>available</status>
      <volumeId>a7663b2d-4d42-4586-b817-5bee169c4505</volumeId>
      <status>available</status>
      <volumeId>98c4cc97-37d0-41f1-858c-e67616ad45e7</volumeId>
      <status>available</status>
      <volumeId>9030d6b7-4bff-4690-a91d-86d5d10ec27e</volumeId>
      <status>available</status>
      <volumeId>89fce7d1-c99a-4984-92ea-e5c2fece5fd8</volumeId>
      <status>available</status>
      <volumeId>88253ec6-3b75-475a-982b-3bf6aa8fdfc4</volumeId>
      <status>available</status>
      <volumeId>5e644227-d345-43b8-bc19-988135a7214f</volumeId>
      <status>available</status>
      <volumeId>52cef006-5de1-421d-be73-b68a14ec370a</volumeId>
      <status>available</status>
      <volumeId>370aa3c9-03c2-42c4-9a56-ca458fab2f86</volumeId>
      <status>available</status>
      <volumeId>330bf893-7ac9-4383-a8b7-44c19c319380</volumeId>
      <status>available</status>
      <volumeId>240bac84-e456-4c6c-9f1e-ae20fcb9c70c</volumeId>
      <status>available</status>
      <volumeId>2066611d-7c34-4bc5-88e1-f4f20a95aba4</volumeId>
      <status>available</status>
      <volumeId>205aae7d-e3e0-4635-ae3f-ae48a0154d11</volumeId>
      <status>available</status>
      <volumeId>e08b2b7c-8f63-4d64-a854-59cbd99b7a6a</volumeId>
      <status>available</status>
      <volumeId>ca1977fe-cb9f-4dcc-8f50-9e2921480fca</volumeId>
      <status>available</status>
      <volumeId>baa488d5-0187-48d5-a4b2-a9cddfdded11</volumeId>
      <status>available</status>
      <volumeId>b7534c6c-e111-454c-b86e-80f442ead3c6</volumeId>
      <status>available</status>
      <volumeId>1841b476-0b98-4c99-b223-ef6fbf7a7a78</volumeId>
      <status>available</status>
      <volumeId>0e1ae76c-e9f5-48e5-b835-2ef01e26d1c8</volumeId>
      <status>available</status>
      <volumeId>0abd80c5-26a7-4e72-bd65-39298d3249cb</volumeId>
      <status>available</status>
      <volumeId>bb013e61-02e8-40cd-b192-d55b72330354</volumeId>
      <status>available</status>
      <volumeId>4dd06082-98ad-48a7-abe1-0613ceb8cc36</volumeId>
      <status>available</status>
      <volumeId>455fa2f1-8a67-4c62-8970-b93d9aea76df</volumeId>
      <status>available</status>
      <volumeId>27c70d19-ad9c-496e-a1e6-a26e57293dd7</volumeId>
      <status>available</status>
      <volumeId>fe7e570b-e222-44d5-8673-183f7e25815c</volumeId>
      <status>available</status>
      <volumeId>dbbe95dd-fca8-40f2-9728-d50238d82099</volumeId>
      <status>available</status>
      <volumeId>b8d8bb22-54bb-4767-afee-7562e02ae73b</volumeId>
      <status>available</status>
      <volumeId>79cafdf2-95e8-4b2a-ac08-b5cee639a3ad</volumeId>
      <status>available</status>
      <volumeId>7547e4fe-cef9-4147-8a44-6c39890b90d7</volumeId>
      <status>available</status>
      <volumeId>6675b247-d5c6-4a1d-9b33-d39041ca2c16</volumeId>
      <status>available</status>
      <volumeId>2b5b4cd5-a3d4-4033-b562-b7a876a9b9ad</volumeId>
      <status>available</status>
      <volumeId>2712e0cd-4bbb-4803-ae82-063033b3aab1</volumeId>
      <status>available</status>
      <volumeId>0ff134f5-10b7-42b4-820a-cd567c86ab0b</volumeId>
      <status>available</status>
      <volumeId>fca9d40a-8271-4ef9-8e7a-1ba36209c272</volumeId>
      <status>available</status>
      <volumeId>f71f5aa9-13cc-46f3-aa96-d39db52dfcc8</volumeId>
      <status>available</status>
      <volumeId>ddd2dd0e-c534-4043-b054-e35c34abd1e8</volumeId>
      <status>available</status>
      <volumeId>c058c9c2-2d13-401c-81c3-935dd05fc80d</volumeId>
      <status>available</status>
      <volumeId>c0567093-0d55-424a-9ce6-b6939fd3347a</volumeId>
      <status>available</status>
      <volumeId>bac51e27-aa60-43b7-8131-416d6dbd46f1</volumeId>
      <status>available</status>
      <volumeId>b68b5443-f38d-489f-a5d8-6229575b546c</volumeId>
      <status>available</status>
      <volumeId>b25f0e6f-e68d-4ed5-8199-5812db47a262</volumeId>
      <status>available</status>
      <volumeId>a72ddd47-71d6-42c4-9766-595beea7d642</volumeId>
      <status>available</status>
      <volumeId>96727749-a98e-46df-82c6-50dd8eb77b3a</volumeId>
      <status>available</status>
      <volumeId>9618721c-eee3-4a1e-a044-58f6ba796fa5</volumeId>
      <status>available</status>
      <volumeId>802dff3e-2500-4b93-9608-cb7374a38a02</volumeId>
      <status>available</status>
      <volumeId>6360a04b-1453-44ac-b9a5-d5866c81eb4e</volumeId>
      <status>available</status>
      <volumeId>5e2043bc-5d4e-49c8-af4a-75fb1c84ceff</volumeId>
      <status>available</status>
      <volumeId>5b9c137f-7d65-40a8-8bea-d57017488370</volumeId>
      <status>available</status>
      <volumeId>58218ae4-82c8-4c08-b007-17f47f2fd2a8</volumeId>
      <status>available</status>
      <volumeId>45b61889-ac43-4d2b-93fd-9f85ba3cd616</volumeId>
      <status>available</status>
      <volumeId>25c604a0-38a5-44ea-aa25-25743c0d6544</volumeId>
      <status>available</status>
      <volumeId>f12df718-371b-41a3-a7d6-8f3422f8aee7</volumeId>
      <status>available</status>
      <volumeId>be649fa1-8ec4-4557-877c-0462464e3531</volumeId>
      <status>available</status>
      <volumeId>19db8ff8-4473-4f93-868b-203796c8208d</volumeId>
      <status>available</status>
      <volumeId>f7c63a31-c83c-4207-94c4-51c0da2afbed</volumeId>
      <status>available</status>
      <volumeId>8a480b6b-d7b5-4320-b00a-e93cc226afeb</volumeId>
      <status>available</status>
      <volumeId>c4824c9c-dd49-47f8-ba2b-1ad6474ed009</volumeId>
      <status>available</status>
      <volumeId>dbdb90d9-822b-42f4-a628-c586ee1a374e</volumeId>
      <status>available</status>
      <volumeId>886d11c4-33d0-4b23-978a-d513dfadb7bf</volumeId>
      <status>available</status>
      <volumeId>4da94e2a-16f9-4385-968d-c9347d12f9f8</volumeId>
      <status>available</status>
      <volumeId>d42226ca-37a3-4605-be1b-a148ac2d9e89</volumeId>
      <status>available</status>
      <volumeId>7c4a701d-1cfc-4932-ae5b-e9490bb21bd5</volumeId>
      <status>available</status>
      <volumeId>ee85f0e1-c13f-4cea-bf43-d11d357b7fb5</volumeId>
      <status>available</status>
      <volumeId>177541ce-0347-42ee-a337-29c791042e56</volumeId>
      <status>available</status>
      <volumeId>c1605162-77ea-4694-9124-bebc54816191</volumeId>
      <status>available</status>
      <volumeId>5d25574d-562f-4bb9-93d1-3e2bf5050752</volumeId>
      <status>available</status>
      <volumeId>026cbbc3-d106-44ad-ab0f-fcd318060393</volumeId>
      <status>available</status>
      <volumeId>73e4f0b1-04d2-415f-9d0f-65b7990605dc</volumeId>
      <status>available</status>
      <volumeId>715c353e-f91e-425f-b6d8-bfd5464789b5</volumeId>
      <status>available</status>
      <volumeId>0c4dc50f-df13-4e22-b8b1-17a358549880</volumeId>
      <status>available</status>
      <volumeId>d8a1165a-8deb-4436-a5b5-109127219f6f</volumeId>
      <status>available</status>
      <volumeId>c5c77382-442e-40ee-a9f2-4fba08676cb7</volumeId>
      <status>available</status>
      <volumeId>659e3ba3-113d-4ea5-b500-9a8ae871fb58</volumeId>
      <status>available</status>
      <volumeId>a374b257-fd42-4fd7-8dcb-e193f480e891</volumeId>
      <status>available</status>
      <volumeId>53ced697-0a3e-452a-8688-8025fafe3101</volumeId>
      <status>available</status>
      <volumeId>ada3fd22-5e61-4dea-a241-94d894274d2e</volumeId>
      <status>available</status>
      <volumeId>97cc086c-2913-4b96-9e6d-39a81f3df954</volumeId>
      <status>available</status>
      <volumeId>87fd0dd1-1807-41b0-9fe7-0c7ff432c56c</volumeId>
      <status>available</status>
      <volumeId>cc0dbed9-2d9f-42ce-8d58-e0be1ad303ea</volumeId>
      <status>available</status>
      <volumeId>837f6f32-8ecf-4391-8ad4-1e73578c2e64</volumeId>
      <status>available</status>
      <volumeId>7f2a19e6-97a4-4e38-a110-f85cabb5be93</volumeId>
      <status>available</status>
      <volumeId>62d8b956-ee6b-40cc-959d-4681740d106a</volumeId>
      <status>available</status>
      <volumeId>4a61b865-14c9-4cd9-9dc9-f1629ce729b7</volumeId>
      <status>available</status>
      <volumeId>9f8dc5c8-8839-4364-a41e-49f4e548d201</volumeId>
      <status>available</status>
      <volumeId>808bccca-4266-41e4-b4c3-bd17e9e01e6e</volumeId>
      <status>available</status>
      <volumeId>62be00e0-e397-49fa-83f5-7d21eeab4ae0</volumeId>
      <status>available</status>
      <volumeId>5ec1063a-8872-456a-bcb0-b9bf7d45187d</volumeId>
      <status>available</status>
      <volumeId>0c7716b0-6206-4b35-ada4-598670ee1939</volumeId>
      <status>available</status>
      <volumeId>08d642c0-c1d6-49f3-9dea-c359b514759a</volumeId>
      <status>available</status>
      <volumeId>fca4b2b3-456a-448b-ac7e-b95b590ebf7d</volumeId>
      <status>available</status>
      <volumeId>f02edb8d-4bf0-474d-92e2-40e98913c030</volumeId>
      <status>available</status>
      <volumeId>da7e2b1d-4a3f-4731-94fc-d853413d22a4</volumeId>
      <status>available</status>
      <volumeId>c7d7f560-c185-4818-81c9-feb6f18d66c3</volumeId>
      <status>available</status>
      <volumeId>c62133eb-f497-4385-a0a4-d61037b36a8b</volumeId>
      <status>available</status>
      <volumeId>c5045932-79ea-4455-8230-b3ff4adbe140</volumeId>
      <status>available</status>
      <volumeId>c1cd572c-3b2a-44b4-b808-a95b6ee8caaa</volumeId>
      <status>available</status>
      <volumeId>b968e3a5-1836-4551-bfae-1d48c2e0e9d0</volumeId>
      <status>available</status>
      <volumeId>b6ab3966-c024-4ae7-8b68-2b76617bdca8</volumeId>
      <status>available</status>
      <volumeId>b20a9c34-bfad-4062-b470-40da7d42ded5</volumeId>
      <status>available</status>
      <volumeId>a292d65c-e8fd-403f-a382-b55d7e6f3593</volumeId>
      <status>available</status>
      <volumeId>93f66f27-cc48-4587-bce5-16aad3911ac1</volumeId>
      <status>available</status>
      <volumeId>934e89d8-1f84-4bda-8be5-7cc27b94bded</volumeId>
      <status>available</status>
      <volumeId>82b058d7-32f9-43a8-b37d-3671b5906e00</volumeId>
      <status>available</status>
      <volumeId>7b195e2d-3d61-445e-9622-58d2f718da28</volumeId>
      <status>available</status>
      <volumeId>78d4d1dc-f32a-4c54-90f8-8a9b80d2583f</volumeId>
      <status>available</status>
      <volumeId>7321f8bf-e82a-4fe9-9a6b-67f535c35bbb</volumeId>
      <status>available</status>
      <volumeId>70627586-4d90-4234-bd74-34125cfeb049</volumeId>
      <status>available</status>
      <volumeId>63d0cf2c-ee15-4ef6-accc-e965fa741810</volumeId>
      <status>available</status>
      <volumeId>4dee12a0-2845-4a99-9977-f34004aa6350</volumeId>
      <status>available</status>
      <volumeId>18d9690a-c203-4475-b1d3-905547940e77</volumeId>
      <status>available</status>
      <volumeId>b1b5f2a1-ae5e-46e1-a595-10f62986d128</volumeId>
      <status>available</status>
      <volumeId>7baaea9f-a81a-4b67-b95e-8b5d22e52fda</volumeId>
      <status>available</status>
      <volumeId>f749b7f4-a77a-442a-af1c-e668a60a71e4</volumeId>
      <status>available</status>
      <volumeId>86719ac1-0ac2-415f-ac6e-16f3cc074a3b</volumeId>
      <status>available</status>
      <volumeId>f2f2ad92-e054-48f1-b1d0-e6e8dfe58211</volumeId>
      <status>available</status>
      <volumeId>9fd152f8-3f4a-47d7-b77c-d43e9e4b053e</volumeId>
      <status>available</status>
      <volumeId>a87961ac-4929-4c1f-b54c-95f5722eebdc</volumeId>
      <status>available</status>
      <volumeId>96b2b9ad-146e-479a-959e-34b5326c4c9f</volumeId>
      <status>available</status>
      <volumeId>13cc45ea-f440-4073-80f5-0c8657cf0b4e</volumeId>
      <status>available</status>
      <volumeId>b15658e8-7fa8-49bd-a52a-7098fdfd5af5</volumeId>
      <status>available</status>
      <volumeId>7c99e468-73cb-446a-b778-4ee9fba62563</volumeId>
      <status>available</status>
      <volumeId>504ab6c0-b9ae-4689-80d5-40cacecc6701</volumeId>
      <status>available</status>
      <volumeId>82ad8e58-ced5-421b-9b5a-1fc06adb826c</volumeId>
      <status>available</status>
      <volumeId>5ac3261a-bbb8-4960-92ff-76c783aa9790</volumeId>
      <status>available</status>
      <volumeId>04be738c-88b1-4cbb-a922-af48c2fb63a2</volumeId>
      <status>available</status>
      <volumeId>ef03e86f-4333-4ed2-bf25-5b9e347be721</volumeId>
      <status>available</status>
      <volumeId>775aea15-6a8e-4e45-bfc4-9bc44de00295</volumeId>
      <status>available</status>
      <volumeId>5eaa7f08-1355-411b-8a97-c1c575690baa</volumeId>
      <status>available</status>
      <volumeId>3106a3ae-b997-4de1-9e30-ff57cc33b8df</volumeId>
      <status>available</status>
      <volumeId>075d76d5-3890-49f6-a687-3b532c72ed6d</volumeId>
      <status>available</status>
      <volumeId>031bfd58-d1c9-4323-ba1e-1dee731b49f8</volumeId>
      <status>available</status>
      <volumeId>9bcbfecb-1dc5-496b-a68a-4535c218aea2</volumeId>
      <status>available</status>
      <volumeId>2381bf5f-a969-45e9-b689-860a0c2856d5</volumeId>
      <status>available</status>
      <volumeId>42922c0c-b32b-467c-afc4-c7a44c6688f2</volumeId>
      <status>available</status>
      <volumeId>fb3548ad-106d-4edd-ad94-a86d227e26e3</volumeId>
      <status>available</status>
      <volumeId>ebe13228-223f-4f27-a764-0667e9871743</volumeId>
      <status>available</status>
      <volumeId>de10352c-1046-4d73-8e6b-b0faf1288c6d</volumeId>
      <status>available</status>
      <volumeId>b7ebafb1-0d15-44d0-9b38-81cbc208fe13</volumeId>
      <status>available</status>
      <volumeId>922b35f7-edb8-4426-a4d3-5756bd59f167</volumeId>
      <status>available</status>
      <volumeId>79add25a-c35c-4051-9031-d2bbf2d7c6b8</volumeId>
      <status>available</status>
      <volumeId>1201bfcc-b20f-42dc-a66b-1b144398f371</volumeId>
      <status>available</status>
      <volumeId>09297765-61f5-4e51-9345-96a625a35e9c</volumeId>
      <status>available</status>
      <volumeId>06223f87-233f-481c-9a65-a95451171cc1</volumeId>
      <status>available</status>
      <volumeId>e4d0618c-659e-4eac-8e7b-a9d917780698</volumeId>
      <status>available</status>
      <volumeId>90d0f4c9-e352-4a1f-9365-e2c2c07c0783</volumeId>
      <status>available</status>
      <volumeId>1cb7a3b9-8f66-40a2-8422-2143cf651bd9</volumeId>
      <status>available</status>
      <volumeId>8cad76a5-9ae6-456c-9bbb-d508cae96f63</volumeId>
      <status>available</status>
      <volumeId>2aae4683-fcb6-4eba-8acf-6b5a8f37e1c2</volumeId>
      <status>available</status>
      <volumeId>e6071f93-bd2f-494b-a590-2de1261f6461</volumeId>
      <status>available</status>
      <volumeId>d22c02b1-f171-43ef-8373-d5088c55d9ff</volumeId>
      <status>available</status>
      <volumeId>b25107cd-4d46-444e-a20c-6eaedfe2c4f1</volumeId>
      <status>available</status>
      <volumeId>678ea6a7-072c-4255-894b-fdbf01bb15a1</volumeId>
      <status>available</status>
      <volumeId>3dfd7d42-de6a-428d-963e-b985bc491bef</volumeId>
      <status>available</status>
      <volumeId>924aceed-4778-4fc9-9316-8d56e7e803e3</volumeId>
      <status>available</status>
      <volumeId>42ed5057-fcdd-49e2-8365-d36639b63096</volumeId>
      <status>available</status>
      <volumeId>cecab3b1-986d-460b-a13b-8419d5b4bad2</volumeId>
      <status>available</status>
      <volumeId>06bfe1ba-075a-475e-9c81-16ac9a68c764</volumeId>
      <status>available</status>
      <volumeId>acc0f349-0cd9-41b4-aed2-c8d4ddc14ebf</volumeId>
      <status>available</status>
      <volumeId>c0d2f6b5-99e2-434f-a3e4-bb05802f3b45</volumeId>
      <status>available</status>
      <volumeId>aa7ad0da-a906-4075-9bf4-1bad314a9df7</volumeId>
      <status>available</status>
      <volumeId>86497b0d-6168-4e96-acd5-1454b04d1bde</volumeId>
      <status>available</status>
      <volumeId>1328d14b-d868-43bc-a1c9-dab48a75adcf</volumeId>
      <status>available</status>
      <volumeId>cca287f8-6fd4-4f40-bd28-90adbcdcce8c</volumeId>
      <status>available</status>
      <volumeId>cf1e8c67-42f3-44d2-b264-c836e3fb569b</volumeId>
      <status>available</status>
      <volumeId>13ed3c2a-cf61-4c83-83b0-42a5d208859c</volumeId>
      <status>available</status>
      <volumeId>dd2c4067-feef-4ec5-a451-2459673f13fa</volumeId>
      <status>available</status>
      <volumeId>80710ac5-1306-43b0-bf42-b642b0035621</volumeId>
      <status>available</status>
      <volumeId>77a0b596-07cb-44a2-9155-e777009fbfb2</volumeId>
      <status>available</status>
      <volumeId>1baa0322-a1c1-4d7b-a566-6c3c1f2f7e94</volumeId>
      <status>available</status>
      <volumeId>1a703f15-2175-44d3-a111-6b86dc083913</volumeId>
      <status>available</status>
      <volumeId>084390b7-5717-44c1-af73-c075a7b88b98</volumeId>
      <status>available</status>
      <volumeId>e5e4425d-11de-4777-8630-79f46ed7e446</volumeId>
      <status>available</status>
      <volumeId>e29684e7-12df-4d40-af3d-d2a3a79635e4</volumeId>
      <status>available</status>
      <volumeId>8e5ac5f8-782f-4d46-a74c-2aaea8fac8f1</volumeId>
      <status>available</status>
      <volumeId>629afb32-fbeb-430e-a887-12937695967c</volumeId>
      <status>available</status>
      <volumeId>55e4015d-19e5-479f-b230-a62f204b07cb</volumeId>
      <status>available</status>
      <volumeId>fb269d8c-c10f-4b3f-8092-0bee54bd1e0a</volumeId>
      <status>available</status>
      <volumeId>bb6dd6ea-cc54-47a9-afb9-7cf9deb51541</volumeId>
      <status>available</status>
      <volumeId>ae89bd02-79f9-4d61-85af-4dd62b07776c</volumeId>
      <status>available</status>
      <volumeId>8b9b9674-a503-4933-80a7-ba0e2f57cd06</volumeId>
      <status>available</status>
      <volumeId>609a4091-bf22-4088-b7ee-19f2172cfc64</volumeId>
      <status>available</status>
      <volumeId>5f06a4e3-ea05-445e-94cf-60aec852ea71</volumeId>
      <status>available</status>
      <volumeId>5ec96dfd-db24-4276-8fae-f2e70b87355f</volumeId>
      <status>available</status>
      <volumeId>4db913fd-389e-4932-b276-62ab37ea2d7d</volumeId>
      <status>available</status>
      <volumeId>2e0b4ba4-03d6-41cb-a1c3-b594755838cc</volumeId>
      <status>available</status>
      <volumeId>152de1b4-c1b1-4549-93d3-6169bb75fc6e</volumeId>
      <status>available</status>
      <volumeId>14d9abc4-d903-4f61-9669-91893803d0c2</volumeId>
      <status>available</status>
      <volumeId>4c9ee41d-09e6-4525-9aad-25324cf4c9a1</volumeId>
      <status>available</status>
      <volumeId>415382c0-613a-4f94-9e27-07dec925a6ab</volumeId>
      <status>available</status>
      <volumeId>fe653723-0d91-4ad6-a92c-85608c617648</volumeId>
      <status>available</status>
      <volumeId>edec55a8-5084-445d-b0d1-76e556a7abf8</volumeId>
      <status>available</status>
      <volumeId>cac5de2c-90a7-4a04-9eb3-abacf3db1ab3</volumeId>
      <status>available</status>
      <volumeId>5fcabdba-d4a6-4a2f-ad3b-79f721deab1d</volumeId>
      <status>available</status>
      <volumeId>38b8e11f-75c3-47a8-812f-25c79ef114a3</volumeId>
      <status>available</status>
      <volumeId>20b4dcde-8ea6-43b7-85b7-ba6b295c2850</volumeId>
      <status>available</status>
      <volumeId>1f035981-9e7e-4dd6-860b-e58f967e3dbc</volumeId>
      <status>available</status>
      <volumeId>99f36b6c-d26e-45a6-8070-7b82f55e63b6</volumeId>
      <status>available</status>
      <volumeId>6afce4ac-3326-4280-a6aa-f917fc33be59</volumeId>
      <status>available</status>
      <volumeId>bef19c5c-54b7-4aba-9c12-7889a63f68d9</volumeId>
      <status>available</status>
      <volumeId>b16b18e8-5302-4903-8d3f-f843c3a4a844</volumeId>
      <status>available</status>
      <volumeId>85df70c0-d070-418a-9457-8063c7a1d88e</volumeId>
      <status>available</status>
      <volumeId>717fe748-3d3c-4acc-ab95-3b77a8692f61</volumeId>
      <status>available</status>
      <volumeId>4ddd864a-4525-478c-8f80-95ff7299c18e</volumeId>
      <status>available</status>
      <volumeId>48471b44-9027-4096-8768-a01bef77e3a7</volumeId>
      <status>available</status>
      <volumeId>26f6e88a-f0b9-498d-b45d-e3d835eddb0f</volumeId>
      <status>available</status>
      <volumeId>c35cc611-567a-4ee3-8081-d3446c45846b</volumeId>
      <status>available</status>
      <volumeId>7f6f9d4e-849b-4348-9d5e-85b30a949ab6</volumeId>
      <status>available</status>
      <volumeId>6838b376-9f7f-4372-86fd-00926d1cfd33</volumeId>
      <status>available</status>
      <volumeId>ad805fe0-5aed-4c5f-b881-55fa98ba18a6</volumeId>
      <status>available</status>
      <volumeId>6ebff84d-c1a4-4996-af50-2caeca77e445</volumeId>
      <status>available</status>
      <volumeId>68e05de9-ba6f-456d-a14c-676c38ac494c</volumeId>
      <status>available</status>
      <volumeId>4d21251e-2134-4e8f-987f-b7d2be99fdd6</volumeId>
      <status>available</status>
      <volumeId>3fc725ff-aca0-4c3a-add5-656e1dae86bd</volumeId>
      <status>available</status>
      <volumeId>f69423d3-259e-45bb-88fe-cc434cef6920</volumeId>
      <status>available</status>
      <volumeId>ed10e634-ba06-49a6-838f-34a071e11cb8</volumeId>
      <status>available</status>
      <volumeId>79da097c-dd1a-43c0-8553-1b83ddddb54d</volumeId>
      <status>available</status>
      <volumeId>84297ee4-b47c-42b2-b2e6-81527139dd79</volumeId>
      <status>available</status>
      <volumeId>da2cdcd0-56a6-4cdb-ac73-2e36693a3561</volumeId>
      <status>available</status>
      <volumeId>b220f619-12bc-4d1d-8583-0f5138a1b495</volumeId>
      <status>available</status>
      <volumeId>b14c3284-e086-4f06-ba91-0ce7409fad73</volumeId>
      <status>available</status>
      <volumeId>af58839f-052f-4d87-b53d-54cddff1d3b4</volumeId>
      <status>available</status>
      <volumeId>2bdb537c-2f5c-4ee7-ad01-1069c9fb73b7</volumeId>
      <status>available</status>
      <volumeId>c60d448d-ab6a-458f-a1ea-10dc61c2a704</volumeId>
      <status>available</status>
      <volumeId>bfab5658-5675-4320-bdad-916adb8489a8</volumeId>
